TpTrace Verbose: 0 : 17840, 1, 2023/10/01, 23:19:22.072, 237769168645, vstest.console.dll, Version: 17.6.3-release-20230616-01 Current process architecture: X64
TpTrace Verbose: 0 : 17840, 1, 2023/10/01, 23:19:22.077, 237769220048, vstest.console.dll, Runtime location: C:\Program Files\dotnet\shared\Microsoft.NETCore.App\7.0.9
TpTrace Verbose: 0 : 17840, 1, 2023/10/01, 23:19:22.084, 237769282595, vstest.console.dll, ArtifactProcessingPostProcessModeProcessorExecutor.Initialize: ArtifactProcessingMode.Collect
TpTrace Verbose: 0 : 17840, 1, 2023/10/01, 23:19:22.084, 237769283870, vstest.console.dll, TestSessionCorrelationIdProcessorModeProcessorExecutor.Initialize: TestSessionCorrelationId '20320_8f5ebcf1-d04d-4272-96ca-ef7dca88387e'
TpTrace Information: 0 : 17840, 1, 2023/10/01, 23:19:22.093, 237769377631, vstest.console.dll, FilePatternParser: The given file C:\Users\Boncho\OneDrive\Desktop\Projects\DynamoSoftware\FileConverter\FileConverter\FileConverter.Tests\bin\Debug\net6.0\fine-code-coverage\build-output\FileConverter.Tests.dll is a full path.
TpTrace Verbose: 0 : 17840, 1, 2023/10/01, 23:19:22.105, 237769491139, vstest.console.dll, TestPluginCache.DiscoverTestExtensions: finding test extensions in assemblies ends with: RuntimeProvider.dll TPluginInfo: Microsoft.VisualStudio.TestPlatform.Common.ExtensionFramework.Utilities.TestRuntimePluginInformation TExtension: Microsoft.VisualStudio.TestPlatform.ObjectModel.Host.ITestRuntimeProvider
TpTrace Verbose: 0 : 17840, 1, 2023/10/01, 23:19:22.105, 237769495195, vstest.console.dll, TestPluginCache.GetExtensionPaths: Filtered extension paths: 
TpTrace Verbose: 0 : 17840, 1, 2023/10/01, 23:19:22.105, 237769496077, vstest.console.dll, TestPluginCache.GetExtensionPaths: Added default extension paths: C:\Program Files\dotnet\sdk\7.0.306\Extensions\Microsoft.Diagnostics.NETCore.Client.dll
C:\Program Files\dotnet\sdk\7.0.306\Extensions\Microsoft.TestPlatform.Extensions.BlameDataCollector.dll
C:\Program Files\dotnet\sdk\7.0.306\Extensions\Microsoft.TestPlatform.Extensions.EventLogCollector.dll
C:\Program Files\dotnet\sdk\7.0.306\Extensions\Microsoft.TestPlatform.TestHostRuntimeProvider.dll
C:\Program Files\dotnet\sdk\7.0.306\Extensions\Microsoft.VisualStudio.TestPlatform.Extensions.Html.TestLogger.dll
C:\Program Files\dotnet\sdk\7.0.306\Extensions\Microsoft.VisualStudio.TestPlatform.Extensions.Trx.TestLogger.dll
TpTrace Verbose: 0 : 17840, 1, 2023/10/01, 23:19:22.105, 237769496410, vstest.console.dll, TestPluginCache.GetExtensionPaths: Added unfilterableExtensionPaths: 
TpTrace Information: 0 : 17840, 1, 2023/10/01, 23:19:22.106, 237769506417, vstest.console.dll, AssemblyResolver.ctor: Creating AssemblyResolver with searchDirectories C:\Program Files\dotnet\sdk\7.0.306\Extensions,C:\Program Files\dotnet\sdk\7.0.306
TpTrace Verbose: 0 : 17840, 1, 2023/10/01, 23:19:22.108, 237769526550, vstest.console.dll, TestPluginCache.DiscoverTestExtensions: Discovering the extensions using extension path.
TpTrace Verbose: 0 : 17840, 1, 2023/10/01, 23:19:22.108, 237769528063, vstest.console.dll, TestPluginCache.GetExtensionPaths: Filtered extension paths: 
TpTrace Verbose: 0 : 17840, 1, 2023/10/01, 23:19:22.108, 237769528465, vstest.console.dll, TestPluginCache.GetExtensionPaths: Added default extension paths: C:\Program Files\dotnet\sdk\7.0.306\Extensions\Microsoft.Diagnostics.NETCore.Client.dll
C:\Program Files\dotnet\sdk\7.0.306\Extensions\Microsoft.TestPlatform.Extensions.BlameDataCollector.dll
C:\Program Files\dotnet\sdk\7.0.306\Extensions\Microsoft.TestPlatform.Extensions.EventLogCollector.dll
C:\Program Files\dotnet\sdk\7.0.306\Extensions\Microsoft.TestPlatform.TestHostRuntimeProvider.dll
C:\Program Files\dotnet\sdk\7.0.306\Extensions\Microsoft.VisualStudio.TestPlatform.Extensions.Html.TestLogger.dll
C:\Program Files\dotnet\sdk\7.0.306\Extensions\Microsoft.VisualStudio.TestPlatform.Extensions.Trx.TestLogger.dll
TpTrace Verbose: 0 : 17840, 1, 2023/10/01, 23:19:22.108, 237769529092, vstest.console.dll, TestPluginCache.GetExtensionPaths: Added unfilterableExtensionPaths: 
TpTrace Verbose: 0 : 17840, 1, 2023/10/01, 23:19:22.108, 237769530516, vstest.console.dll, TestPluginCache.DiscoverTestExtensions: Discovering the extensions using allExtensionPaths: C:\Program Files\dotnet\sdk\7.0.306\Extensions\Microsoft.Diagnostics.NETCore.Client.dll
C:\Program Files\dotnet\sdk\7.0.306\Extensions\Microsoft.TestPlatform.Extensions.BlameDataCollector.dll
C:\Program Files\dotnet\sdk\7.0.306\Extensions\Microsoft.TestPlatform.Extensions.EventLogCollector.dll
C:\Program Files\dotnet\sdk\7.0.306\Extensions\Microsoft.TestPlatform.TestHostRuntimeProvider.dll
C:\Program Files\dotnet\sdk\7.0.306\Extensions\Microsoft.VisualStudio.TestPlatform.Extensions.Html.TestLogger.dll
C:\Program Files\dotnet\sdk\7.0.306\Extensions\Microsoft.VisualStudio.TestPlatform.Extensions.Trx.TestLogger.dll
TpTrace Information: 0 : 17840, 1, 2023/10/01, 23:19:22.109, 237769531754, vstest.console.dll, AssemblyResolver.AddSearchDirectories: Adding more searchDirectories C:\Program Files\dotnet\sdk\7.0.306\Extensions,C:\Program Files\dotnet\sdk\7.0.306
TpTrace Information: 0 : 17840, 1, 2023/10/01, 23:19:22.109, 237769532412, vstest.console.dll, AssemblyResolver.AddSearchDirectories: Adding more searchDirectories C:\Program Files\dotnet\sdk\7.0.306\Extensions,C:\Program Files\dotnet\sdk\7.0.306
TpTrace Information: 0 : 17840, 1, 2023/10/01, 23:19:22.109, 237769532743, vstest.console.dll, AssemblyResolver.AddSearchDirectories: Adding more searchDirectories C:\Program Files\dotnet\sdk\7.0.306\Extensions,C:\Program Files\dotnet\sdk\7.0.306
TpTrace Information: 0 : 17840, 1, 2023/10/01, 23:19:22.109, 237769533010, vstest.console.dll, AssemblyResolver.AddSearchDirectories: Adding more searchDirectories C:\Program Files\dotnet\sdk\7.0.306\Extensions,C:\Program Files\dotnet\sdk\7.0.306
TpTrace Information: 0 : 17840, 1, 2023/10/01, 23:19:22.109, 237769533307, vstest.console.dll, AssemblyResolver.AddSearchDirectories: Adding more searchDirectories C:\Program Files\dotnet\sdk\7.0.306\Extensions,C:\Program Files\dotnet\sdk\7.0.306
TpTrace Information: 0 : 17840, 1, 2023/10/01, 23:19:22.109, 237769533570, vstest.console.dll, AssemblyResolver.AddSearchDirectories: Adding more searchDirectories C:\Program Files\dotnet\sdk\7.0.306\Extensions,C:\Program Files\dotnet\sdk\7.0.306
TpTrace Information: 0 : 17840, 1, 2023/10/01, 23:19:22.109, 237769537496, vstest.console.dll, AssemblyResolver.OnResolve: Microsoft.Diagnostics.NETCore.Client: Resolving assembly.
TpTrace Information: 0 : 17840, 1, 2023/10/01, 23:19:22.109, 237769538299, vstest.console.dll, AssemblyResolver.OnResolve: Microsoft.Diagnostics.NETCore.Client: Searching in: 'C:\Program Files\dotnet\sdk\7.0.306\Extensions'.
TpTrace Information: 0 : 17840, 1, 2023/10/01, 23:19:22.122, 237769665773, vstest.console.dll, AssemblyResolver.OnResolve: Microsoft.Diagnostics.NETCore.Client: Loading assembly 'C:\Program Files\dotnet\sdk\7.0.306\Extensions\Microsoft.Diagnostics.NETCore.Client.dll'.
TpTrace Information: 0 : 17840, 1, 2023/10/01, 23:19:22.124, 237769689973, vstest.console.dll, AssemblyResolver.OnResolve: Resolved assembly: Microsoft.Diagnostics.NETCore.Client, from path: C:\Program Files\dotnet\sdk\7.0.306\Extensions\Microsoft.Diagnostics.NETCore.Client.dll
TpTrace Verbose: 0 : 17840, 1, 2023/10/01, 23:19:22.126, 237769703085, vstest.console.dll, MetadataReaderExtensionsHelper: Discovering extensions inside assembly 'Microsoft.Diagnostics.NETCore.Client, Version=0.2.6.42401, Culture=neutral, PublicKeyToken=31bf3856ad364e35' file path 'C:\Program Files\dotnet\sdk\7.0.306\Extensions\Microsoft.Diagnostics.NETCore.Client.dll'
TpTrace Information: 0 : 17840, 1, 2023/10/01, 23:19:22.130, 237769750908, vstest.console.dll, AssemblyResolver.OnResolve: Microsoft.Bcl.AsyncInterfaces: Resolving assembly.
TpTrace Information: 0 : 17840, 1, 2023/10/01, 23:19:22.131, 237769751874, vstest.console.dll, AssemblyResolver.OnResolve: Microsoft.Bcl.AsyncInterfaces: Searching in: 'C:\Program Files\dotnet\sdk\7.0.306\Extensions'.
TpTrace Information: 0 : 17840, 1, 2023/10/01, 23:19:22.131, 237769752511, vstest.console.dll, AssemblyResolver.OnResolve: Microsoft.Bcl.AsyncInterfaces: Assembly path does not exist: 'C:\Program Files\dotnet\sdk\7.0.306\Extensions\Microsoft.Bcl.AsyncInterfaces.dll', returning.
TpTrace Information: 0 : 17840, 1, 2023/10/01, 23:19:22.131, 237769753415, vstest.console.dll, AssemblyResolver.OnResolve: Microsoft.Bcl.AsyncInterfaces: Assembly path does not exist: 'C:\Program Files\dotnet\sdk\7.0.306\Extensions\Microsoft.Bcl.AsyncInterfaces.exe', returning.
TpTrace Information: 0 : 17840, 1, 2023/10/01, 23:19:22.131, 237769753803, vstest.console.dll, AssemblyResolver.OnResolve: Microsoft.Bcl.AsyncInterfaces: Searching in: 'C:\Program Files\dotnet\sdk\7.0.306'.
TpTrace Information: 0 : 17840, 1, 2023/10/01, 23:19:22.131, 237769754262, vstest.console.dll, AssemblyResolver.OnResolve: Microsoft.Bcl.AsyncInterfaces: Assembly path does not exist: 'C:\Program Files\dotnet\sdk\7.0.306\Microsoft.Bcl.AsyncInterfaces.dll', returning.
TpTrace Information: 0 : 17840, 1, 2023/10/01, 23:19:22.131, 237769754700, vstest.console.dll, AssemblyResolver.OnResolve: Microsoft.Bcl.AsyncInterfaces: Assembly path does not exist: 'C:\Program Files\dotnet\sdk\7.0.306\Microsoft.Bcl.AsyncInterfaces.exe', returning.
TpTrace Information: 0 : 17840, 1, 2023/10/01, 23:19:22.131, 237769754989, vstest.console.dll, AssemblyResolver.OnResolve: Microsoft.Bcl.AsyncInterfaces: Failed to load assembly.
TpTrace Verbose: 0 : 17840, 1, 2023/10/01, 23:19:22.131, 237769755421, vstest.console.dll, CurrentDomainAssemblyResolve: Resolving assembly 'Microsoft.Bcl.AsyncInterfaces'.
TpTrace Information: 0 : 17840, 1, 2023/10/01, 23:19:22.131, 237769756016, vstest.console.dll, AssemblyResolver.OnResolve: Microsoft.Bcl.AsyncInterfaces: Resolving assembly.
TpTrace Information: 0 : 17840, 1, 2023/10/01, 23:19:22.131, 237769756358, vstest.console.dll, AssemblyResolver.OnResolve: Microsoft.Bcl.AsyncInterfaces: Resolved from cache.
TpTrace Verbose: 0 : 17840, 1, 2023/10/01, 23:19:22.131, 237769756605, vstest.console.dll, CurrentDomainAssemblyResolve: Resolving assembly 'Microsoft.Bcl.AsyncInterfaces'.
TpTrace Verbose: 0 : 17840, 1, 2023/10/01, 23:19:22.131, 237769756956, vstest.console.dll, CurrentDomainAssemblyResolve: Failed to resolve assembly 'Microsoft.Bcl.AsyncInterfaces'.
TpTrace Verbose: 0 : 17840, 1, 2023/10/01, 23:19:22.141, 237769859363, vstest.console.dll, CurrentDomainAssemblyResolve: Failed to resolve assembly 'Microsoft.Bcl.AsyncInterfaces'.
TpTrace Warning: 0 : 17840, 1, 2023/10/01, 23:19:22.154, 237769986008, vstest.console.dll, TestPluginDiscoverer: Failed to get types from assembly 'Microsoft.Diagnostics.NETCore.Client, Version=0.2.6.42401, Culture=neutral, PublicKeyToken=31bf3856ad364e35'. Error: System.Reflection.ReflectionTypeLoadException: Unable to load one or more of the requested types.
Could not load file or assembly 'Microsoft.Bcl.AsyncInterfaces, Version=1.0.0.0, Culture=neutral, PublicKeyToken=cc7b13ffcd2ddd51'. The system cannot find the file specified.
   at System.Reflection.RuntimeModule.GetTypes(RuntimeModule module)
   at System.Reflection.Assembly.GetTypes()
   at Microsoft.VisualStudio.TestPlatform.Common.ExtensionFramework.TestPluginDiscoverer.GetTestExtensionsFromAssembly[TPluginInfo,TExtension](Assembly assembly, Dictionary`2 pluginInfos, String filePath)
System.IO.FileNotFoundException: Could not load file or assembly 'Microsoft.Bcl.AsyncInterfaces, Version=1.0.0.0, Culture=neutral, PublicKeyToken=cc7b13ffcd2ddd51'. The system cannot find the file specified.
File name: 'Microsoft.Bcl.AsyncInterfaces, Version=1.0.0.0, Culture=neutral, PublicKeyToken=cc7b13ffcd2ddd51'
 ---> System.IO.FileNotFoundException: Could not load file or assembly 'Microsoft.Bcl.AsyncInterfaces, Culture=neutral, PublicKeyToken=null'. The system cannot find the file specified.
File name: 'Microsoft.Bcl.AsyncInterfaces, Culture=neutral, PublicKeyToken=null'
   at System.Reflection.RuntimeAssembly.InternalLoad(AssemblyName assemblyName, StackCrawlMark& stackMark, AssemblyLoadContext assemblyLoadContext, RuntimeAssembly requestingAssembly, Boolean throwOnFileNotFound)
   at System.Reflection.Assembly.Load(AssemblyName assemblyRef)
   at Microsoft.VisualStudio.TestPlatform.Common.ExtensionFramework.TestPluginCache.CurrentDomainAssemblyResolve(Object sender, AssemblyResolveEventArgs args)
   at System.Runtime.Loader.AssemblyLoadContext.GetFirstResolvedAssemblyFromResolvingEvent(AssemblyName assemblyName)
   at System.Runtime.Loader.AssemblyLoadContext.ResolveUsingEvent(AssemblyName assemblyName)
   at System.Runtime.Loader.AssemblyLoadContext.ResolveUsingResolvingEvent(IntPtr gchManagedAssemblyLoadContext, AssemblyName assemblyName)
TpTrace Warning: 0 : 17840, 1, 2023/10/01, 23:19:22.154, 237769989751, vstest.console.dll, LoaderExceptions: System.IO.FileNotFoundException: Could not load file or assembly 'Microsoft.Bcl.AsyncInterfaces, Version=1.0.0.0, Culture=neutral, PublicKeyToken=cc7b13ffcd2ddd51'. The system cannot find the file specified.
File name: 'Microsoft.Bcl.AsyncInterfaces, Version=1.0.0.0, Culture=neutral, PublicKeyToken=cc7b13ffcd2ddd51'
 ---> System.IO.FileNotFoundException: Could not load file or assembly 'Microsoft.Bcl.AsyncInterfaces, Culture=neutral, PublicKeyToken=null'. The system cannot find the file specified.
File name: 'Microsoft.Bcl.AsyncInterfaces, Culture=neutral, PublicKeyToken=null'
   at System.Reflection.RuntimeAssembly.InternalLoad(AssemblyName assemblyName, StackCrawlMark& stackMark, AssemblyLoadContext assemblyLoadContext, RuntimeAssembly requestingAssembly, Boolean throwOnFileNotFound)
   at System.Reflection.Assembly.Load(AssemblyName assemblyRef)
   at Microsoft.VisualStudio.TestPlatform.Common.ExtensionFramework.TestPluginCache.CurrentDomainAssemblyResolve(Object sender, AssemblyResolveEventArgs args)
   at System.Runtime.Loader.AssemblyLoadContext.GetFirstResolvedAssemblyFromResolvingEvent(AssemblyName assemblyName)
   at System.Runtime.Loader.AssemblyLoadContext.ResolveUsingEvent(AssemblyName assemblyName)
   at System.Runtime.Loader.AssemblyLoadContext.ResolveUsingResolvingEvent(IntPtr gchManagedAssemblyLoadContext, AssemblyName assemblyName)
TpTrace Information: 0 : 17840, 1, 2023/10/01, 23:19:22.155, 237769991343, vstest.console.dll, AssemblyResolver.OnResolve: Microsoft.TestPlatform.Extensions.BlameDataCollector: Resolving assembly.
TpTrace Information: 0 : 17840, 1, 2023/10/01, 23:19:22.155, 237769991914, vstest.console.dll, AssemblyResolver.OnResolve: Microsoft.TestPlatform.Extensions.BlameDataCollector: Searching in: 'C:\Program Files\dotnet\sdk\7.0.306\Extensions'.
TpTrace Information: 0 : 17840, 1, 2023/10/01, 23:19:22.156, 237770002264, vstest.console.dll, AssemblyResolver.OnResolve: Microsoft.TestPlatform.Extensions.BlameDataCollector: Loading assembly 'C:\Program Files\dotnet\sdk\7.0.306\Extensions\Microsoft.TestPlatform.Extensions.BlameDataCollector.dll'.
TpTrace Information: 0 : 17840, 1, 2023/10/01, 23:19:22.156, 237770010666, vstest.console.dll, AssemblyResolver.OnResolve: Resolved assembly: Microsoft.TestPlatform.Extensions.BlameDataCollector, from path: C:\Program Files\dotnet\sdk\7.0.306\Extensions\Microsoft.TestPlatform.Extensions.BlameDataCollector.dll
TpTrace Verbose: 0 : 17840, 1, 2023/10/01, 23:19:22.157, 237770011540, vstest.console.dll, MetadataReaderExtensionsHelper: Discovering extensions inside assembly 'Microsoft.TestPlatform.Extensions.BlameDataCollector, Version=15.0.0.0, Culture=neutral, PublicKeyToken=b03f5f7f11d50a3a' file path 'C:\Program Files\dotnet\sdk\7.0.306\Extensions\Microsoft.TestPlatform.Extensions.BlameDataCollector.dll'
TpTrace Information: 0 : 17840, 1, 2023/10/01, 23:19:22.159, 237770035132, vstest.console.dll, AssemblyResolver.OnResolve: Microsoft.TestPlatform.Extensions.EventLogCollector: Resolving assembly.
TpTrace Information: 0 : 17840, 1, 2023/10/01, 23:19:22.159, 237770036000, vstest.console.dll, AssemblyResolver.OnResolve: Microsoft.TestPlatform.Extensions.EventLogCollector: Searching in: 'C:\Program Files\dotnet\sdk\7.0.306\Extensions'.
TpTrace Information: 0 : 17840, 1, 2023/10/01, 23:19:22.160, 237770043236, vstest.console.dll, AssemblyResolver.OnResolve: Microsoft.TestPlatform.Extensions.EventLogCollector: Loading assembly 'C:\Program Files\dotnet\sdk\7.0.306\Extensions\Microsoft.TestPlatform.Extensions.EventLogCollector.dll'.
TpTrace Information: 0 : 17840, 1, 2023/10/01, 23:19:22.160, 237770048911, vstest.console.dll, AssemblyResolver.OnResolve: Resolved assembly: Microsoft.TestPlatform.Extensions.EventLogCollector, from path: C:\Program Files\dotnet\sdk\7.0.306\Extensions\Microsoft.TestPlatform.Extensions.EventLogCollector.dll
TpTrace Verbose: 0 : 17840, 1, 2023/10/01, 23:19:22.160, 237770049577, vstest.console.dll, MetadataReaderExtensionsHelper: Discovering extensions inside assembly 'Microsoft.TestPlatform.Extensions.EventLogCollector, Version=15.0.0.0, Culture=neutral, PublicKeyToken=b03f5f7f11d50a3a' file path 'C:\Program Files\dotnet\sdk\7.0.306\Extensions\Microsoft.TestPlatform.Extensions.EventLogCollector.dll'
TpTrace Information: 0 : 17840, 1, 2023/10/01, 23:19:22.163, 237770074854, vstest.console.dll, AssemblyResolver.OnResolve: Microsoft.TestPlatform.TestHostRuntimeProvider: Resolving assembly.
TpTrace Information: 0 : 17840, 1, 2023/10/01, 23:19:22.163, 237770075658, vstest.console.dll, AssemblyResolver.OnResolve: Microsoft.TestPlatform.TestHostRuntimeProvider: Searching in: 'C:\Program Files\dotnet\sdk\7.0.306\Extensions'.
TpTrace Information: 0 : 17840, 1, 2023/10/01, 23:19:22.164, 237770083169, vstest.console.dll, AssemblyResolver.OnResolve: Microsoft.TestPlatform.TestHostRuntimeProvider: Loading assembly 'C:\Program Files\dotnet\sdk\7.0.306\Extensions\Microsoft.TestPlatform.TestHostRuntimeProvider.dll'.
TpTrace Information: 0 : 17840, 1, 2023/10/01, 23:19:22.165, 237770093181, vstest.console.dll, AssemblyResolver.OnResolve: Resolved assembly: Microsoft.TestPlatform.TestHostRuntimeProvider, from path: C:\Program Files\dotnet\sdk\7.0.306\Extensions\Microsoft.TestPlatform.TestHostRuntimeProvider.dll
TpTrace Verbose: 0 : 17840, 1, 2023/10/01, 23:19:22.165, 237770094029, vstest.console.dll, MetadataReaderExtensionsHelper: Discovering extensions inside assembly 'Microsoft.TestPlatform.TestHostRuntimeProvider, Version=15.0.0.0, Culture=neutral, PublicKeyToken=b03f5f7f11d50a3a' file path 'C:\Program Files\dotnet\sdk\7.0.306\Extensions\Microsoft.TestPlatform.TestHostRuntimeProvider.dll'
TpTrace Information: 0 : 17840, 1, 2023/10/01, 23:19:22.168, 237770123636, vstest.console.dll, GetTestExtensionFromType: Register extension with identifier data 'HostProvider://DefaultTestHost' and type 'Microsoft.VisualStudio.TestPlatform.CrossPlatEngine.Hosting.DefaultTestHostManager, Microsoft.TestPlatform.TestHostRuntimeProvider, Version=15.0.0.0, Culture=neutral, PublicKeyToken=b03f5f7f11d50a3a' inside file 'C:\Program Files\dotnet\sdk\7.0.306\Extensions\Microsoft.TestPlatform.TestHostRuntimeProvider.dll'
TpTrace Information: 0 : 17840, 1, 2023/10/01, 23:19:22.168, 237770127134, vstest.console.dll, GetTestExtensionFromType: Register extension with identifier data 'HostProvider://DotnetTestHost' and type 'Microsoft.VisualStudio.TestPlatform.CrossPlatEngine.Hosting.DotnetTestHostManager, Microsoft.TestPlatform.TestHostRuntimeProvider, Version=15.0.0.0, Culture=neutral, PublicKeyToken=b03f5f7f11d50a3a' inside file 'C:\Program Files\dotnet\sdk\7.0.306\Extensions\Microsoft.TestPlatform.TestHostRuntimeProvider.dll'
TpTrace Information: 0 : 17840, 1, 2023/10/01, 23:19:22.168, 237770128058, vstest.console.dll, AssemblyResolver.OnResolve: Microsoft.VisualStudio.TestPlatform.Extensions.Html.TestLogger: Resolving assembly.
TpTrace Information: 0 : 17840, 1, 2023/10/01, 23:19:22.168, 237770128527, vstest.console.dll, AssemblyResolver.OnResolve: Microsoft.VisualStudio.TestPlatform.Extensions.Html.TestLogger: Searching in: 'C:\Program Files\dotnet\sdk\7.0.306\Extensions'.
TpTrace Information: 0 : 17840, 1, 2023/10/01, 23:19:22.169, 237770138254, vstest.console.dll, AssemblyResolver.OnResolve: Microsoft.VisualStudio.TestPlatform.Extensions.Html.TestLogger: Loading assembly 'C:\Program Files\dotnet\sdk\7.0.306\Extensions\Microsoft.VisualStudio.TestPlatform.Extensions.Html.TestLogger.dll'.
TpTrace Information: 0 : 17840, 1, 2023/10/01, 23:19:22.170, 237770148585, vstest.console.dll, AssemblyResolver.OnResolve: Resolved assembly: Microsoft.VisualStudio.TestPlatform.Extensions.Html.TestLogger, from path: C:\Program Files\dotnet\sdk\7.0.306\Extensions\Microsoft.VisualStudio.TestPlatform.Extensions.Html.TestLogger.dll
TpTrace Verbose: 0 : 17840, 1, 2023/10/01, 23:19:22.170, 237770149344, vstest.console.dll, MetadataReaderExtensionsHelper: Discovering extensions inside assembly 'Microsoft.VisualStudio.TestPlatform.Extensions.Html.TestLogger, Version=15.0.0.0, Culture=neutral, PublicKeyToken=b03f5f7f11d50a3a' file path 'C:\Program Files\dotnet\sdk\7.0.306\Extensions\Microsoft.VisualStudio.TestPlatform.Extensions.Html.TestLogger.dll'
TpTrace Information: 0 : 17840, 1, 2023/10/01, 23:19:22.171, 237770158925, vstest.console.dll, AssemblyResolver.OnResolve: Microsoft.VisualStudio.TestPlatform.Extensions.Trx.TestLogger: Resolving assembly.
TpTrace Information: 0 : 17840, 1, 2023/10/01, 23:19:22.171, 237770159662, vstest.console.dll, AssemblyResolver.OnResolve: Microsoft.VisualStudio.TestPlatform.Extensions.Trx.TestLogger: Searching in: 'C:\Program Files\dotnet\sdk\7.0.306\Extensions'.
TpTrace Information: 0 : 17840, 1, 2023/10/01, 23:19:22.172, 237770168040, vstest.console.dll, AssemblyResolver.OnResolve: Microsoft.VisualStudio.TestPlatform.Extensions.Trx.TestLogger: Loading assembly 'C:\Program Files\dotnet\sdk\7.0.306\Extensions\Microsoft.VisualStudio.TestPlatform.Extensions.Trx.TestLogger.dll'.
TpTrace Information: 0 : 17840, 1, 2023/10/01, 23:19:22.173, 237770177419, vstest.console.dll, AssemblyResolver.OnResolve: Resolved assembly: Microsoft.VisualStudio.TestPlatform.Extensions.Trx.TestLogger, from path: C:\Program Files\dotnet\sdk\7.0.306\Extensions\Microsoft.VisualStudio.TestPlatform.Extensions.Trx.TestLogger.dll
TpTrace Verbose: 0 : 17840, 1, 2023/10/01, 23:19:22.173, 237770178191, vstest.console.dll, MetadataReaderExtensionsHelper: Discovering extensions inside assembly 'Microsoft.VisualStudio.TestPlatform.Extensions.Trx.TestLogger, Version=15.0.0.0, Culture=neutral, PublicKeyToken=b03f5f7f11d50a3a' file path 'C:\Program Files\dotnet\sdk\7.0.306\Extensions\Microsoft.VisualStudio.TestPlatform.Extensions.Trx.TestLogger.dll'
TpTrace Verbose: 0 : 17840, 1, 2023/10/01, 23:19:22.175, 237770191423, vstest.console.dll, TestPluginCache: Discovered the extensions using extension path ''.
TpTrace Verbose: 0 : 17840, 1, 2023/10/01, 23:19:22.175, 237770192064, vstest.console.dll, TestPluginCache: Discoverers are ''.
TpTrace Verbose: 0 : 17840, 1, 2023/10/01, 23:19:22.175, 237770192319, vstest.console.dll, TestPluginCache: Executors are ''.
TpTrace Verbose: 0 : 17840, 1, 2023/10/01, 23:19:22.175, 237770192535, vstest.console.dll, TestPluginCache: Executors2 are ''.
TpTrace Verbose: 0 : 17840, 1, 2023/10/01, 23:19:22.175, 237770192743, vstest.console.dll, TestPluginCache: Setting providers are ''.
TpTrace Verbose: 0 : 17840, 1, 2023/10/01, 23:19:22.175, 237770192948, vstest.console.dll, TestPluginCache: Loggers are ''.
TpTrace Verbose: 0 : 17840, 1, 2023/10/01, 23:19:22.175, 237770194212, vstest.console.dll, TestPluginCache: TestHosts are 'HostProvider://DefaultTestHost,HostProvider://DotnetTestHost'.
TpTrace Verbose: 0 : 17840, 1, 2023/10/01, 23:19:22.175, 237770194544, vstest.console.dll, TestPluginCache: DataCollectors are ''.
TpTrace Information: 0 : 17840, 1, 2023/10/01, 23:19:22.196, 237770406710, vstest.console.dll, RunTestsArgumentProcessor:Execute: Test run is starting.
TpTrace Verbose: 0 : 17840, 1, 2023/10/01, 23:19:22.196, 237770407732, vstest.console.dll, RunTestsArgumentProcessor:Execute: Queuing Test run.
TpTrace Information: 0 : 17840, 1, 2023/10/01, 23:19:22.196, 237770409892, vstest.console.dll, TestRequestManager.RunTests: run tests started.
TpTrace Information: 0 : 17840, 1, 2023/10/01, 23:19:22.198, 237770423331, vstest.console.dll, AssemblyMetadataProvider.GetFrameworkName: Determined framework:'.NETCoreApp,Version=v6.0' for source: 'C:\Users\Boncho\OneDrive\Desktop\Projects\DynamoSoftware\FileConverter\FileConverter\FileConverter.Tests\bin\Debug\net6.0\fine-code-coverage\build-output\FileConverter.Tests.dll'
TpTrace Information: 0 : 17840, 1, 2023/10/01, 23:19:22.198, 237770425331, vstest.console.dll, Determined framework for all sources: .NETCoreApp,Version=v6.0
TpTrace Verbose: 0 : 17840, 1, 2023/10/01, 23:19:22.198, 237770429587, vstest.console.dll, TestRequestManager.UpdateRunSettingsIfRequired: Default architecture: X64 IsDefaultTargetArchitecture: True, Current process architecture: X64 OperatingSystem: Windows.
TpTrace Information: 0 : 17840, 1, 2023/10/01, 23:19:22.200, 237770450542, vstest.console.dll, AssemblyMetadataProvider.GetArchitecture: Determined architecture:AnyCPU info for assembly: C:\Users\Boncho\OneDrive\Desktop\Projects\DynamoSoftware\FileConverter\FileConverter\FileConverter.Tests\bin\Debug\net6.0\fine-code-coverage\build-output\FileConverter.Tests.dll
TpTrace Information: 0 : 17840, 1, 2023/10/01, 23:19:22.201, 237770451258, vstest.console.dll, Determined platform for source 'C:\Users\Boncho\OneDrive\Desktop\Projects\DynamoSoftware\FileConverter\FileConverter\FileConverter.Tests\bin\Debug\net6.0\fine-code-coverage\build-output\FileConverter.Tests.dll' was AnyCPU and it will use the default plaform X64.
TpTrace Information: 0 : 17840, 1, 2023/10/01, 23:19:22.201, 237770451544, vstest.console.dll, None of the sources provided any runnable platform, using the default platform: X64
TpTrace Information: 0 : 17840, 1, 2023/10/01, 23:19:22.201, 237770452500, vstest.console.dll, Platform was updated to 'X64'.
TpTrace Information: 0 : 17840, 1, 2023/10/01, 23:19:22.206, 237770506194, vstest.console.dll, InferRunSettingsHelper.IsTestSettingsEnabled: Unable to navigate to RunSettings/MSTest. Current node: RunSettings
TpTrace Information: 0 : 17840, 1, 2023/10/01, 23:19:22.207, 237770519947, vstest.console.dll, AssemblyResolver.OnResolve: Microsoft.VisualStudio.TestPlatform.Fakes: Resolving assembly.
TpTrace Information: 0 : 17840, 1, 2023/10/01, 23:19:22.208, 237770521017, vstest.console.dll, AssemblyResolver.OnResolve: Microsoft.VisualStudio.TestPlatform.Fakes: Searching in: 'C:\Program Files\dotnet\sdk\7.0.306\Extensions'.
TpTrace Information: 0 : 17840, 1, 2023/10/01, 23:19:22.208, 237770521780, vstest.console.dll, AssemblyResolver.OnResolve: Microsoft.VisualStudio.TestPlatform.Fakes: Assembly path does not exist: 'C:\Program Files\dotnet\sdk\7.0.306\Extensions\Microsoft.VisualStudio.TestPlatform.Fakes.dll', returning.
TpTrace Information: 0 : 17840, 1, 2023/10/01, 23:19:22.208, 237770522480, vstest.console.dll, AssemblyResolver.OnResolve: Microsoft.VisualStudio.TestPlatform.Fakes: Assembly path does not exist: 'C:\Program Files\dotnet\sdk\7.0.306\Extensions\Microsoft.VisualStudio.TestPlatform.Fakes.exe', returning.
TpTrace Information: 0 : 17840, 1, 2023/10/01, 23:19:22.208, 237770522899, vstest.console.dll, AssemblyResolver.OnResolve: Microsoft.VisualStudio.TestPlatform.Fakes: Searching in: 'C:\Program Files\dotnet\sdk\7.0.306'.
TpTrace Information: 0 : 17840, 1, 2023/10/01, 23:19:22.208, 237770523529, vstest.console.dll, AssemblyResolver.OnResolve: Microsoft.VisualStudio.TestPlatform.Fakes: Assembly path does not exist: 'C:\Program Files\dotnet\sdk\7.0.306\Microsoft.VisualStudio.TestPlatform.Fakes.dll', returning.
TpTrace Information: 0 : 17840, 1, 2023/10/01, 23:19:22.208, 237770524270, vstest.console.dll, AssemblyResolver.OnResolve: Microsoft.VisualStudio.TestPlatform.Fakes: Assembly path does not exist: 'C:\Program Files\dotnet\sdk\7.0.306\Microsoft.VisualStudio.TestPlatform.Fakes.exe', returning.
TpTrace Information: 0 : 17840, 1, 2023/10/01, 23:19:22.208, 237770524668, vstest.console.dll, AssemblyResolver.OnResolve: Microsoft.VisualStudio.TestPlatform.Fakes: Failed to load assembly.
TpTrace Information: 0 : 17840, 1, 2023/10/01, 23:19:22.208, 237770527444, vstest.console.dll, Failed to load assembly Microsoft.VisualStudio.TestPlatform.Fakes, Version=17.0.0.0, Culture=neutral. Reason:System.IO.FileNotFoundException: Could not load file or assembly 'Microsoft.VisualStudio.TestPlatform.Fakes, Version=17.0.0.0, Culture=neutral, PublicKeyToken=null'. The system cannot find the file specified.
File name: 'Microsoft.VisualStudio.TestPlatform.Fakes, Version=17.0.0.0, Culture=neutral, PublicKeyToken=null'
   at System.Reflection.RuntimeAssembly.InternalLoad(AssemblyName assemblyName, StackCrawlMark& stackMark, AssemblyLoadContext assemblyLoadContext, RuntimeAssembly requestingAssembly, Boolean throwOnFileNotFound)
   at System.Reflection.Assembly.Load(AssemblyName assemblyRef)
   at Microsoft.VisualStudio.TestPlatform.Common.Utilities.FakesUtilities.LoadTestPlatformAssembly()
TpTrace Verbose: 0 : 17840, 1, 2023/10/01, 23:19:22.213, 237770573124, vstest.console.dll, TestPluginCache.DiscoverTestExtensions: finding test extensions in assemblies ends with: TestLogger.dll TPluginInfo: Microsoft.VisualStudio.TestPlatform.Common.ExtensionFramework.Utilities.TestLoggerPluginInformation TExtension: Microsoft.VisualStudio.TestPlatform.ObjectModel.Client.ITestLogger
TpTrace Verbose: 0 : 17840, 1, 2023/10/01, 23:19:22.213, 237770574251, vstest.console.dll, TestPluginCache.GetExtensionPaths: Filtered extension paths: 
TpTrace Verbose: 0 : 17840, 1, 2023/10/01, 23:19:22.213, 237770574651, vstest.console.dll, TestPluginCache.GetExtensionPaths: Added default extension paths: C:\Program Files\dotnet\sdk\7.0.306\Extensions\Microsoft.Diagnostics.NETCore.Client.dll
C:\Program Files\dotnet\sdk\7.0.306\Extensions\Microsoft.TestPlatform.Extensions.BlameDataCollector.dll
C:\Program Files\dotnet\sdk\7.0.306\Extensions\Microsoft.TestPlatform.Extensions.EventLogCollector.dll
C:\Program Files\dotnet\sdk\7.0.306\Extensions\Microsoft.TestPlatform.TestHostRuntimeProvider.dll
C:\Program Files\dotnet\sdk\7.0.306\Extensions\Microsoft.VisualStudio.TestPlatform.Extensions.Html.TestLogger.dll
C:\Program Files\dotnet\sdk\7.0.306\Extensions\Microsoft.VisualStudio.TestPlatform.Extensions.Trx.TestLogger.dll
TpTrace Verbose: 0 : 17840, 1, 2023/10/01, 23:19:22.213, 237770574979, vstest.console.dll, TestPluginCache.GetExtensionPaths: Added unfilterableExtensionPaths: 
TpTrace Information: 0 : 17840, 1, 2023/10/01, 23:19:22.213, 237770575997, vstest.console.dll, AssemblyResolver.AddSearchDirectories: Adding more searchDirectories C:\Program Files\dotnet\sdk\7.0.306\Extensions,C:\Program Files\dotnet\sdk\7.0.306
TpTrace Verbose: 0 : 17840, 1, 2023/10/01, 23:19:22.213, 237770576407, vstest.console.dll, TestPluginCache.DiscoverTestExtensions: Discovering the extensions using extension path.
TpTrace Verbose: 0 : 17840, 1, 2023/10/01, 23:19:22.213, 237770576710, vstest.console.dll, TestPluginCache.GetExtensionPaths: Filtered extension paths: 
TpTrace Verbose: 0 : 17840, 1, 2023/10/01, 23:19:22.213, 237770577139, vstest.console.dll, TestPluginCache.GetExtensionPaths: Added default extension paths: C:\Program Files\dotnet\sdk\7.0.306\Extensions\Microsoft.Diagnostics.NETCore.Client.dll
C:\Program Files\dotnet\sdk\7.0.306\Extensions\Microsoft.TestPlatform.Extensions.BlameDataCollector.dll
C:\Program Files\dotnet\sdk\7.0.306\Extensions\Microsoft.TestPlatform.Extensions.EventLogCollector.dll
C:\Program Files\dotnet\sdk\7.0.306\Extensions\Microsoft.TestPlatform.TestHostRuntimeProvider.dll
C:\Program Files\dotnet\sdk\7.0.306\Extensions\Microsoft.VisualStudio.TestPlatform.Extensions.Html.TestLogger.dll
C:\Program Files\dotnet\sdk\7.0.306\Extensions\Microsoft.VisualStudio.TestPlatform.Extensions.Trx.TestLogger.dll
TpTrace Verbose: 0 : 17840, 1, 2023/10/01, 23:19:22.213, 237770577512, vstest.console.dll, TestPluginCache.GetExtensionPaths: Added unfilterableExtensionPaths: 
TpTrace Verbose: 0 : 17840, 1, 2023/10/01, 23:19:22.213, 237770577823, vstest.console.dll, TestPluginCache.DiscoverTestExtensions: Discovering the extensions using allExtensionPaths: C:\Program Files\dotnet\sdk\7.0.306\Extensions\Microsoft.Diagnostics.NETCore.Client.dll
C:\Program Files\dotnet\sdk\7.0.306\Extensions\Microsoft.TestPlatform.Extensions.BlameDataCollector.dll
C:\Program Files\dotnet\sdk\7.0.306\Extensions\Microsoft.TestPlatform.Extensions.EventLogCollector.dll
C:\Program Files\dotnet\sdk\7.0.306\Extensions\Microsoft.TestPlatform.TestHostRuntimeProvider.dll
C:\Program Files\dotnet\sdk\7.0.306\Extensions\Microsoft.VisualStudio.TestPlatform.Extensions.Html.TestLogger.dll
C:\Program Files\dotnet\sdk\7.0.306\Extensions\Microsoft.VisualStudio.TestPlatform.Extensions.Trx.TestLogger.dll
TpTrace Information: 0 : 17840, 1, 2023/10/01, 23:19:22.213, 237770578641, vstest.console.dll, AssemblyResolver.AddSearchDirectories: Adding more searchDirectories C:\Program Files\dotnet\sdk\7.0.306\Extensions,C:\Program Files\dotnet\sdk\7.0.306
TpTrace Information: 0 : 17840, 1, 2023/10/01, 23:19:22.213, 237770579083, vstest.console.dll, AssemblyResolver.AddSearchDirectories: Adding more searchDirectories C:\Program Files\dotnet\sdk\7.0.306\Extensions,C:\Program Files\dotnet\sdk\7.0.306
TpTrace Information: 0 : 17840, 1, 2023/10/01, 23:19:22.213, 237770579360, vstest.console.dll, AssemblyResolver.AddSearchDirectories: Adding more searchDirectories C:\Program Files\dotnet\sdk\7.0.306\Extensions,C:\Program Files\dotnet\sdk\7.0.306
TpTrace Information: 0 : 17840, 1, 2023/10/01, 23:19:22.213, 237770579620, vstest.console.dll, AssemblyResolver.AddSearchDirectories: Adding more searchDirectories C:\Program Files\dotnet\sdk\7.0.306\Extensions,C:\Program Files\dotnet\sdk\7.0.306
TpTrace Information: 0 : 17840, 1, 2023/10/01, 23:19:22.213, 237770579910, vstest.console.dll, AssemblyResolver.AddSearchDirectories: Adding more searchDirectories C:\Program Files\dotnet\sdk\7.0.306\Extensions,C:\Program Files\dotnet\sdk\7.0.306
TpTrace Information: 0 : 17840, 1, 2023/10/01, 23:19:22.213, 237770580181, vstest.console.dll, AssemblyResolver.AddSearchDirectories: Adding more searchDirectories C:\Program Files\dotnet\sdk\7.0.306\Extensions,C:\Program Files\dotnet\sdk\7.0.306
TpTrace Verbose: 0 : 17840, 1, 2023/10/01, 23:19:22.214, 237770581283, vstest.console.dll, MetadataReaderExtensionsHelper: Discovering extensions inside assembly 'Microsoft.Diagnostics.NETCore.Client, Version=0.2.6.42401, Culture=neutral, PublicKeyToken=31bf3856ad364e35' file path 'C:\Program Files\dotnet\sdk\7.0.306\Extensions\Microsoft.Diagnostics.NETCore.Client.dll'
TpTrace Information: 0 : 17840, 1, 2023/10/01, 23:19:22.215, 237770591299, vstest.console.dll, AssemblyResolver.OnResolve: Microsoft.Bcl.AsyncInterfaces: Resolving assembly.
TpTrace Information: 0 : 17840, 1, 2023/10/01, 23:19:22.215, 237770592145, vstest.console.dll, AssemblyResolver.OnResolve: Microsoft.Bcl.AsyncInterfaces: Resolved from cache.
TpTrace Verbose: 0 : 17840, 1, 2023/10/01, 23:19:22.215, 237770592469, vstest.console.dll, CurrentDomainAssemblyResolve: Resolving assembly 'Microsoft.Bcl.AsyncInterfaces'.
TpTrace Information: 0 : 17840, 1, 2023/10/01, 23:19:22.215, 237770592997, vstest.console.dll, AssemblyResolver.OnResolve: Microsoft.Bcl.AsyncInterfaces: Resolving assembly.
TpTrace Information: 0 : 17840, 1, 2023/10/01, 23:19:22.215, 237770593274, vstest.console.dll, AssemblyResolver.OnResolve: Microsoft.Bcl.AsyncInterfaces: Resolved from cache.
TpTrace Verbose: 0 : 17840, 1, 2023/10/01, 23:19:22.215, 237770593574, vstest.console.dll, CurrentDomainAssemblyResolve: Resolving assembly 'Microsoft.Bcl.AsyncInterfaces'.
TpTrace Verbose: 0 : 17840, 1, 2023/10/01, 23:19:22.215, 237770593815, vstest.console.dll, CurrentDomainAssemblyResolve: Failed to resolve assembly 'Microsoft.Bcl.AsyncInterfaces'.
TpTrace Verbose: 0 : 17840, 1, 2023/10/01, 23:19:22.215, 237770595228, vstest.console.dll, CurrentDomainAssemblyResolve: Failed to resolve assembly 'Microsoft.Bcl.AsyncInterfaces'.
TpTrace Warning: 0 : 17840, 1, 2023/10/01, 23:19:22.215, 237770598589, vstest.console.dll, TestPluginDiscoverer: Failed to get types from assembly 'Microsoft.Diagnostics.NETCore.Client, Version=0.2.6.42401, Culture=neutral, PublicKeyToken=31bf3856ad364e35'. Error: System.Reflection.ReflectionTypeLoadException: Unable to load one or more of the requested types.
Could not load file or assembly 'Microsoft.Bcl.AsyncInterfaces, Version=1.0.0.0, Culture=neutral, PublicKeyToken=cc7b13ffcd2ddd51'. The system cannot find the file specified.
   at System.Reflection.RuntimeModule.GetTypes(RuntimeModule module)
   at System.Reflection.Assembly.GetTypes()
   at Microsoft.VisualStudio.TestPlatform.Common.ExtensionFramework.TestPluginDiscoverer.GetTestExtensionsFromAssembly[TPluginInfo,TExtension](Assembly assembly, Dictionary`2 pluginInfos, String filePath)
System.IO.FileNotFoundException: Could not load file or assembly 'Microsoft.Bcl.AsyncInterfaces, Version=1.0.0.0, Culture=neutral, PublicKeyToken=cc7b13ffcd2ddd51'. The system cannot find the file specified.
File name: 'Microsoft.Bcl.AsyncInterfaces, Version=1.0.0.0, Culture=neutral, PublicKeyToken=cc7b13ffcd2ddd51'
 ---> System.IO.FileNotFoundException: Could not load file or assembly 'Microsoft.Bcl.AsyncInterfaces, Culture=neutral, PublicKeyToken=null'. The system cannot find the file specified.
File name: 'Microsoft.Bcl.AsyncInterfaces, Culture=neutral, PublicKeyToken=null'
   at System.Reflection.RuntimeAssembly.InternalLoad(AssemblyName assemblyName, StackCrawlMark& stackMark, AssemblyLoadContext assemblyLoadContext, RuntimeAssembly requestingAssembly, Boolean throwOnFileNotFound)
   at System.Reflection.Assembly.Load(AssemblyName assemblyRef)
   at Microsoft.VisualStudio.TestPlatform.Common.ExtensionFramework.TestPluginCache.CurrentDomainAssemblyResolve(Object sender, AssemblyResolveEventArgs args)
   at System.Runtime.Loader.AssemblyLoadContext.GetFirstResolvedAssemblyFromResolvingEvent(AssemblyName assemblyName)
   at System.Runtime.Loader.AssemblyLoadContext.ResolveUsingEvent(AssemblyName assemblyName)
   at System.Runtime.Loader.AssemblyLoadContext.ResolveUsingResolvingEvent(IntPtr gchManagedAssemblyLoadContext, AssemblyName assemblyName)
TpTrace Warning: 0 : 17840, 1, 2023/10/01, 23:19:22.215, 237770600074, vstest.console.dll, LoaderExceptions: System.IO.FileNotFoundException: Could not load file or assembly 'Microsoft.Bcl.AsyncInterfaces, Version=1.0.0.0, Culture=neutral, PublicKeyToken=cc7b13ffcd2ddd51'. The system cannot find the file specified.
File name: 'Microsoft.Bcl.AsyncInterfaces, Version=1.0.0.0, Culture=neutral, PublicKeyToken=cc7b13ffcd2ddd51'
 ---> System.IO.FileNotFoundException: Could not load file or assembly 'Microsoft.Bcl.AsyncInterfaces, Culture=neutral, PublicKeyToken=null'. The system cannot find the file specified.
File name: 'Microsoft.Bcl.AsyncInterfaces, Culture=neutral, PublicKeyToken=null'
   at System.Reflection.RuntimeAssembly.InternalLoad(AssemblyName assemblyName, StackCrawlMark& stackMark, AssemblyLoadContext assemblyLoadContext, RuntimeAssembly requestingAssembly, Boolean throwOnFileNotFound)
   at System.Reflection.Assembly.Load(AssemblyName assemblyRef)
   at Microsoft.VisualStudio.TestPlatform.Common.ExtensionFramework.TestPluginCache.CurrentDomainAssemblyResolve(Object sender, AssemblyResolveEventArgs args)
   at System.Runtime.Loader.AssemblyLoadContext.GetFirstResolvedAssemblyFromResolvingEvent(AssemblyName assemblyName)
   at System.Runtime.Loader.AssemblyLoadContext.ResolveUsingEvent(AssemblyName assemblyName)
   at System.Runtime.Loader.AssemblyLoadContext.ResolveUsingResolvingEvent(IntPtr gchManagedAssemblyLoadContext, AssemblyName assemblyName)
TpTrace Verbose: 0 : 17840, 1, 2023/10/01, 23:19:22.216, 237770600994, vstest.console.dll, MetadataReaderExtensionsHelper: Discovering extensions inside assembly 'Microsoft.TestPlatform.Extensions.BlameDataCollector, Version=15.0.0.0, Culture=neutral, PublicKeyToken=b03f5f7f11d50a3a' file path 'C:\Program Files\dotnet\sdk\7.0.306\Extensions\Microsoft.TestPlatform.Extensions.BlameDataCollector.dll'
TpTrace Information: 0 : 17840, 1, 2023/10/01, 23:19:22.216, 237770608196, vstest.console.dll, GetTestExtensionFromType: Register extension with identifier data 'logger://Microsoft/TestPlatform/Extensions/Blame/v1' and type 'Microsoft.TestPlatform.Extensions.BlameDataCollector.BlameLogger, Microsoft.TestPlatform.Extensions.BlameDataCollector, Version=15.0.0.0, Culture=neutral, PublicKeyToken=b03f5f7f11d50a3a' inside file 'C:\Program Files\dotnet\sdk\7.0.306\Extensions\Microsoft.TestPlatform.Extensions.BlameDataCollector.dll'
TpTrace Verbose: 0 : 17840, 1, 2023/10/01, 23:19:22.216, 237770609089, vstest.console.dll, MetadataReaderExtensionsHelper: Discovering extensions inside assembly 'Microsoft.TestPlatform.Extensions.EventLogCollector, Version=15.0.0.0, Culture=neutral, PublicKeyToken=b03f5f7f11d50a3a' file path 'C:\Program Files\dotnet\sdk\7.0.306\Extensions\Microsoft.TestPlatform.Extensions.EventLogCollector.dll'
TpTrace Verbose: 0 : 17840, 1, 2023/10/01, 23:19:22.217, 237770614018, vstest.console.dll, MetadataReaderExtensionsHelper: Discovering extensions inside assembly 'Microsoft.TestPlatform.TestHostRuntimeProvider, Version=15.0.0.0, Culture=neutral, PublicKeyToken=b03f5f7f11d50a3a' file path 'C:\Program Files\dotnet\sdk\7.0.306\Extensions\Microsoft.TestPlatform.TestHostRuntimeProvider.dll'
TpTrace Verbose: 0 : 17840, 1, 2023/10/01, 23:19:22.217, 237770618042, vstest.console.dll, MetadataReaderExtensionsHelper: Discovering extensions inside assembly 'Microsoft.VisualStudio.TestPlatform.Extensions.Html.TestLogger, Version=15.0.0.0, Culture=neutral, PublicKeyToken=b03f5f7f11d50a3a' file path 'C:\Program Files\dotnet\sdk\7.0.306\Extensions\Microsoft.VisualStudio.TestPlatform.Extensions.Html.TestLogger.dll'
TpTrace Information: 0 : 17840, 1, 2023/10/01, 23:19:22.218, 237770623926, vstest.console.dll, GetTestExtensionFromType: Register extension with identifier data 'logger://Microsoft/TestPlatform/HtmlLogger/v1' and type 'Microsoft.VisualStudio.TestPlatform.Extensions.HtmlLogger.HtmlLogger, Microsoft.VisualStudio.TestPlatform.Extensions.Html.TestLogger, Version=15.0.0.0, Culture=neutral, PublicKeyToken=b03f5f7f11d50a3a' inside file 'C:\Program Files\dotnet\sdk\7.0.306\Extensions\Microsoft.VisualStudio.TestPlatform.Extensions.Html.TestLogger.dll'
TpTrace Verbose: 0 : 17840, 1, 2023/10/01, 23:19:22.218, 237770624604, vstest.console.dll, MetadataReaderExtensionsHelper: Discovering extensions inside assembly 'Microsoft.VisualStudio.TestPlatform.Extensions.Trx.TestLogger, Version=15.0.0.0, Culture=neutral, PublicKeyToken=b03f5f7f11d50a3a' file path 'C:\Program Files\dotnet\sdk\7.0.306\Extensions\Microsoft.VisualStudio.TestPlatform.Extensions.Trx.TestLogger.dll'
TpTrace Information: 0 : 17840, 1, 2023/10/01, 23:19:22.218, 237770628979, vstest.console.dll, GetTestExtensionFromType: Register extension with identifier data 'logger://Microsoft/TestPlatform/TrxLogger/v1' and type 'Microsoft.VisualStudio.TestPlatform.Extensions.TrxLogger.TrxLogger, Microsoft.VisualStudio.TestPlatform.Extensions.Trx.TestLogger, Version=15.0.0.0, Culture=neutral, PublicKeyToken=b03f5f7f11d50a3a' inside file 'C:\Program Files\dotnet\sdk\7.0.306\Extensions\Microsoft.VisualStudio.TestPlatform.Extensions.Trx.TestLogger.dll'
TpTrace Verbose: 0 : 17840, 1, 2023/10/01, 23:19:22.218, 237770630034, vstest.console.dll, TestPluginCache: Discovered the extensions using extension path ''.
TpTrace Verbose: 0 : 17840, 1, 2023/10/01, 23:19:22.218, 237770630359, vstest.console.dll, TestPluginCache: Discoverers are ''.
TpTrace Verbose: 0 : 17840, 1, 2023/10/01, 23:19:22.218, 237770630592, vstest.console.dll, TestPluginCache: Executors are ''.
TpTrace Verbose: 0 : 17840, 1, 2023/10/01, 23:19:22.218, 237770630804, vstest.console.dll, TestPluginCache: Executors2 are ''.
TpTrace Verbose: 0 : 17840, 1, 2023/10/01, 23:19:22.219, 237770631023, vstest.console.dll, TestPluginCache: Setting providers are ''.
TpTrace Verbose: 0 : 17840, 1, 2023/10/01, 23:19:22.219, 237770631671, vstest.console.dll, TestPluginCache: Loggers are 'logger://Microsoft/TestPlatform/Extensions/Blame/v1,logger://Microsoft/TestPlatform/HtmlLogger/v1,logger://Microsoft/TestPlatform/TrxLogger/v1'.
TpTrace Verbose: 0 : 17840, 1, 2023/10/01, 23:19:22.219, 237770632137, vstest.console.dll, TestPluginCache: TestHosts are 'HostProvider://DefaultTestHost,HostProvider://DotnetTestHost'.
TpTrace Verbose: 0 : 17840, 1, 2023/10/01, 23:19:22.219, 237770632397, vstest.console.dll, TestPluginCache: DataCollectors are ''.
TpTrace Information: 0 : 17840, 1, 2023/10/01, 23:19:22.220, 237770641120, vstest.console.dll, TestPluginManager.CreateTestExtension: Attempting to load test extension: Microsoft.TestPlatform.Extensions.BlameDataCollector.BlameLogger
TpTrace Verbose: 0 : 17840, 1, 2023/10/01, 23:19:22.230, 237770743145, vstest.console.dll, TestEngine: Initializing Parallel Execution as MaxCpuCount is set to: 1
TpTrace Information: 0 : 17840, 1, 2023/10/01, 23:19:22.234, 237770783006, vstest.console.dll, TestPluginManager.CreateTestExtension: Attempting to load test extension: Microsoft.VisualStudio.TestPlatform.CrossPlatEngine.Hosting.DefaultTestHostManager
TpTrace Information: 0 : 17840, 1, 2023/10/01, 23:19:22.236, 237770801102, vstest.console.dll, TestPluginManager.CreateTestExtension: Attempting to load test extension: Microsoft.VisualStudio.TestPlatform.CrossPlatEngine.Hosting.DotnetTestHostManager
TpTrace Information: 0 : 17840, 1, 2023/10/01, 23:19:22.236, 237770808062, vstest.console.dll, InferRunSettingsHelper.IsTestSettingsEnabled: Unable to navigate to RunSettings/MSTest. Current node: RunSettings
TpTrace Verbose: 0 : 17840, 1, 2023/10/01, 23:19:22.241, 237770855953, vstest.console.dll, TestEngine.GetExecutionManager: Chosen execution manager 'Microsoft.VisualStudio.TestPlatform.CrossPlatEngine.Client.Parallel.ParallelProxyExecutionManager, Microsoft.TestPlatform.CrossPlatEngine, Version=15.0.0.0, Culture=neutral, PublicKeyToken=b03f5f7f11d50a3a' ParallelLevel '1'.
TpTrace Verbose: 0 : 17840, 1, 2023/10/01, 23:19:22.241, 237770857542, vstest.console.dll, TestRunRequest.ExecuteAsync: Creating test run request.
TpTrace Verbose: 0 : 17840, 1, 2023/10/01, 23:19:22.241, 237770859742, vstest.console.dll, TestRunRequest.ExecuteAsync: Starting.
TpTrace Information: 0 : 17840, 1, 2023/10/01, 23:19:22.242, 237770868427, vstest.console.dll, TestRunRequest.ExecuteAsync: Starting run with settings:TestRunCriteria:
   KeepAlive=False,FrequencyOfRunStatsChangeEvent=10,RunStatsChangeEventTimeout=00:00:01.5000000,TestCaseFilter=,TestExecutorLauncher=
   Settingsxml=<RunSettings>
  <RunConfiguration>
    <ResultsDirectory>C:\Users\Boncho\OneDrive\Desktop\Projects\DynamoSoftware\FileConverter\FileConverter\FileConverter.Tests\bin\Debug\net6.0\fine-code-coverage\coverage-tool-output</ResultsDirectory>
    <TargetPlatform>X64</TargetPlatform>
    <TargetFrameworkVersion>.NETCoreApp,Version=v6.0</TargetFrameworkVersion>
    <DesignMode>False</DesignMode>
    <CollectSourceInformation>False</CollectSourceInformation>
  </RunConfiguration>
  <LoggerRunSettings>
    <Loggers>
      <Logger friendlyName="blame" enabled="True" />
      <Logger friendlyName="Console" uri="logger://microsoft/TestPlatform/ConsoleLogger/v1" assemblyQualifiedName="Microsoft.VisualStudio.TestPlatform.CommandLine.Internal.ConsoleLogger, vstest.console, Version=15.0.0.0, Culture=neutral, PublicKeyToken=b03f5f7f11d50a3a" codeBase="C:\Program Files\dotnet\sdk\7.0.306\vstest.console.dll" enabled="True" />
    </Loggers>
  </LoggerRunSettings>
  <DataCollectionRunSettings>
    <DataCollectors>
      <DataCollector friendlyName="blame" enabled="True">
        <Configuration>
          <ResultsDirectory>C:\Users\Boncho\OneDrive\Desktop\Projects\DynamoSoftware\FileConverter\FileConverter\FileConverter.Tests\bin\Debug\net6.0\fine-code-coverage\coverage-tool-output</ResultsDirectory>
        </Configuration>
      </DataCollector>
    </DataCollectors>
  </DataCollectionRunSettings>
</RunSettings>

TpTrace Verbose: 0 : 17840, 1, 2023/10/01, 23:19:22.242, 237770869721, vstest.console.dll, TestRunRequest.ExecuteAsync: Wait for the first run request is over.
TpTrace Verbose: 0 : 17840, 1, 2023/10/01, 23:19:22.243, 237770875091, vstest.console.dll, MulticastDelegateUtilities.SafeInvoke: TestRun.TestRunStart: Invoking callbacks was skipped because there are no subscribers.
TpTrace Verbose: 0 : 17840, 4, 2023/10/01, 23:19:22.243, 237770879405, vstest.console.dll, MulticastDelegateUtilities.SafeInvoke: InternalTestLoggerEvents.SendTestRunStart: Invoking callback 1/1 for Microsoft.VisualStudio.TestPlatform.CommandLine.Internal.ConsoleLogger., took 0 ms.
TpTrace Verbose: 0 : 17840, 1, 2023/10/01, 23:19:22.245, 237770899586, vstest.console.dll, ParallelProxyExecutionManager: Start execution. Total sources: 1
TpTrace Verbose: 0 : 17840, 1, 2023/10/01, 23:19:22.249, 237770935328, vstest.console.dll, TestRequestSender is acting as server.
TpTrace Verbose: 0 : 17840, 1, 2023/10/01, 23:19:22.254, 237770986953, vstest.console.dll, ParallelOperationManager.RunWorkInParallel: Started work on a host.
TpTrace Verbose: 0 : 17840, 1, 2023/10/01, 23:19:22.255, 237770996596, vstest.console.dll, ProxyParallelExecutionManager: No sources available for execution.
TpTrace Information: 0 : 17840, 1, 2023/10/01, 23:19:22.255, 237770997468, vstest.console.dll, TestRunRequest.ExecuteAsync: Started.
TpTrace Verbose: 0 : 17840, 1, 2023/10/01, 23:19:22.255, 237770998523, vstest.console.dll, TestRunRequest.WaitForCompletion: Waiting with timeout -1.
TpTrace Verbose: 0 : 17840, 5, 2023/10/01, 23:19:22.255, 237770999933, vstest.console.dll, DataCollectionRequestSender.InitializeCommunication : Initialize communication. 
TpTrace Information: 0 : 17840, 5, 2023/10/01, 23:19:22.261, 237771051419, vstest.console.dll, Listening on Endpoint : 127.0.0.1:52940
TpTrace Verbose: 0 : 17840, 5, 2023/10/01, 23:19:22.268, 237771124629, vstest.console.dll, DotnetDataCollectionLauncher: Adding  --runtimeconfig "C:\Program Files\dotnet\sdk\7.0.306\datacollector.runtimeconfig.json" in args
TpTrace Verbose: 0 : 17840, 5, 2023/10/01, 23:19:22.268, 237771125702, vstest.console.dll, DotnetDataCollectionLauncher: Adding  --depsfile "C:\Program Files\dotnet\sdk\7.0.306\datacollector.deps.json" in args
TpTrace Verbose: 0 : 17840, 5, 2023/10/01, 23:19:22.268, 237771127109, vstest.console.dll, DotnetDataCollectionLauncher: Full path of dotnet.exe is C:\Program Files\dotnet\dotnet.exe
TpTrace Information: 0 : 17840, 5, 2023/10/01, 23:19:22.274, 237771188736, vstest.console.dll, ProxyDataCollectionManager.Initialize: Launched datacollector processId: 21000 port: 52940
TpTrace Information: 0 : 17840, 5, 2023/10/01, 23:19:22.274, 237771190079, vstest.console.dll, ProxyDataCollectionManager.Initialize: waiting for connection with timeout: 90 seconds
TpTrace Verbose: 0 : 17840, 5, 2023/10/01, 23:19:22.274, 237771190708, vstest.console.dll, DataCollectionRequestSender.WaitForRequestHandlerConnection : Waiting for connection with timeout: 90000
TpTrace Information: 0 : 17840, 7, 2023/10/01, 23:19:22.426, 237772705690, vstest.console.dll, Using the buffer size of 16384 bytes
TpTrace Verbose: 0 : 17840, 5, 2023/10/01, 23:19:22.426, 237772706315, vstest.console.dll, SocketCommunicationManager.WaitForClientConnection took: 151 ms, with 90000 ms timeout, and finished with True.
TpTrace Information: 0 : 17840, 7, 2023/10/01, 23:19:22.426, 237772707609, vstest.console.dll, Accepted Client request and set the flag
TpTrace Verbose: 0 : 17840, 5, 2023/10/01, 23:19:22.426, 237772707672, vstest.console.dll, ProxyDataCollectionManager.InvokeDataCollectionServiceAction: Starting.
TpTrace Information: 0 : 17840, 5, 2023/10/01, 23:19:22.426, 237772709015, vstest.console.dll, ProxyDataCollectionManager.BeforeTestRunStart: Get environment variable and port for datacollector processId: 21000 port: 52940
TpTrace Verbose: 0 : 17840, 5, 2023/10/01, 23:19:22.426, 237772710262, vstest.console.dll, DataCollectionRequestSender.SendBeforeTestRunStartAndGetResult: Send BeforeTestRunStart message with settingsXml <RunSettings><RunConfiguration><ResultsDirectory>C:\Users\Boncho\OneDrive\Desktop\Projects\DynamoSoftware\FileConverter\FileConverter\FileConverter.Tests\bin\Debug\net6.0\fine-code-coverage\coverage-tool-output</ResultsDirectory><TargetPlatform>X64</TargetPlatform><TargetFrameworkVersion>.NETCoreApp,Version=v6.0</TargetFrameworkVersion><DesignMode>False</DesignMode><CollectSourceInformation>False</CollectSourceInformation><TestAdaptersPaths>C:\Program Files\dotnet\sdk\7.0.306\Extensions</TestAdaptersPaths></RunConfiguration><LoggerRunSettings><Loggers><Logger friendlyName="blame" enabled="True" /><Logger friendlyName="Console" uri="logger://microsoft/TestPlatform/ConsoleLogger/v1" assemblyQualifiedName="Microsoft.VisualStudio.TestPlatform.CommandLine.Internal.ConsoleLogger, vstest.console, Version=15.0.0.0, Culture=neutral, PublicKeyToken=b03f5f7f11d50a3a" codeBase="C:\Program Files\dotnet\sdk\7.0.306\vstest.console.dll" enabled="True" /></Loggers></LoggerRunSettings><DataCollectionRunSettings><DataCollectors><DataCollector friendlyName="blame" enabled="True"><Configuration><ResultsDirectory>C:\Users\Boncho\OneDrive\Desktop\Projects\DynamoSoftware\FileConverter\FileConverter\FileConverter.Tests\bin\Debug\net6.0\fine-code-coverage\coverage-tool-output</ResultsDirectory></Configuration></DataCollector></DataCollectors></DataCollectionRunSettings></RunSettings> and sources System.Collections.Generic.List`1[System.String]: 
TpTrace Verbose: 0 : 17840, 5, 2023/10/01, 23:19:22.530, 237773742486, vstest.console.dll, DataCollectionRequestSender.SendBeforeTestRunStartAndGetResult: Received message: (DataCollection.SendMessage) -> {"MessageType":"DataCollection.SendMessage","Payload":{"FriendlyName":null,"Uri":null,"TestCaseId":"00000000-0000-0000-0000-000000000000","Message":"Logging DataCollector Diagnostics in file: C:\\Users\\Boncho\\OneDrive\\Desktop\\Projects\\DynamoSoftware\\FileConverter\\FileConverter\\FileConverter.Tests\\bin\\Debug\\net6.0\\fine-code-coverage\\coverage-tool-output\\diagnostics.datacollector.23-10-01_23-19-22_26817_5.log","Level":0}}
TpTrace Verbose: 0 : 17840, 5, 2023/10/01, 23:19:22.618, 237774628700, vstest.console.dll, DataCollectionRequestSender.SendBeforeTestRunStartAndGetResult: Received message: (DataCollection.BeforeTestRunStartResult) -> {"MessageType":"DataCollection.BeforeTestRunStartResult","Payload":{"EnvironmentVariables":{},"DataCollectionEventsPort":52944}}
TpTrace Information: 0 : 17840, 5, 2023/10/01, 23:19:22.624, 237774687449, vstest.console.dll, ProxyDataCollectionManager.BeforeTestRunStart: SendBeforeTestRunStartAndGetResult successful, env variable from datacollector:   and testhost port: 52944
TpTrace Information: 0 : 17840, 5, 2023/10/01, 23:19:22.624, 237774688301, vstest.console.dll, ProxyDataCollectionManager.InvokeDataCollectionServiceAction: Completed.
TpTrace Verbose: 0 : 17840, 5, 2023/10/01, 23:19:22.624, 237774689099, vstest.console.dll, ProxyExecutionManager: Test host is always Lazy initialize.
TpTrace Verbose: 0 : 17840, 5, 2023/10/01, 23:19:22.625, 237774691514, vstest.console.dll, TestRequestSender.InitializeCommunication: initialize communication. 
TpTrace Information: 0 : 17840, 5, 2023/10/01, 23:19:22.625, 237774696406, vstest.console.dll, SocketServer.Start: Listening on endpoint : 127.0.0.1:52945
TpTrace Verbose: 0 : 17840, 5, 2023/10/01, 23:19:22.626, 237774704070, vstest.console.dll, DotnetTestHostmanager.GetTestHostProcessStartInfo: Platform environment 'X64' target architecture 'X64' framework '.NETCoreApp,Version=v6.0' OS 'Windows'
TpTrace Verbose: 0 : 17840, 5, 2023/10/01, 23:19:22.626, 237774705883, vstest.console.dll, DotnetTestHostmanager: Adding  --runtimeconfig "C:\Users\Boncho\OneDrive\Desktop\Projects\DynamoSoftware\FileConverter\FileConverter\FileConverter.Tests\bin\Debug\net6.0\fine-code-coverage\build-output\FileConverter.Tests.runtimeconfig.json" in args
TpTrace Verbose: 0 : 17840, 5, 2023/10/01, 23:19:22.626, 237774707719, vstest.console.dll, DotnetTestHostmanager: Adding  --depsfile "C:\Users\Boncho\OneDrive\Desktop\Projects\DynamoSoftware\FileConverter\FileConverter\FileConverter.Tests\bin\Debug\net6.0\fine-code-coverage\build-output\FileConverter.Tests.deps.json" in args
TpTrace Verbose: 0 : 17840, 5, 2023/10/01, 23:19:22.626, 237774709086, vstest.console.dll, DotnetTestHostmanager.IsWinOnArm: Current PROCESSOR_ARCHITECTURE from environment variable 'AMD64'
TpTrace Verbose: 0 : 17840, 5, 2023/10/01, 23:19:22.626, 237774709577, vstest.console.dll, DotnetTestHostmanager.IsWinOnArm: Is Windows on ARM 'False'
TpTrace Verbose: 0 : 17840, 5, 2023/10/01, 23:19:22.626, 237774710331, vstest.console.dll, DotnetTestHostManager: testhost.exe found at path: C:\Users\Boncho\OneDrive\Desktop\Projects\DynamoSoftware\FileConverter\FileConverter\FileConverter.Tests\bin\Debug\net6.0\fine-code-coverage\build-output\testhost.exe
TpTrace Verbose: 0 : 17840, 5, 2023/10/01, 23:19:22.626, 237774710743, vstest.console.dll, DotnetTestHostmanager: Full path of host exe is C:\Users\Boncho\OneDrive\Desktop\Projects\DynamoSoftware\FileConverter\FileConverter\FileConverter.Tests\bin\Debug\net6.0\fine-code-coverage\build-output\testhost.exe
TpTrace Verbose: 0 : 17840, 5, 2023/10/01, 23:19:22.627, 237774711975, vstest.console.dll, DotnetTestHostmanager.LaunchTestHostAsync: Found 'VSTEST_WINAPPHOST_DOTNET_ROOT' in env variables, value 'C:\Program Files\dotnet', forwarding to 'DOTNET_ROOT'
TpTrace Verbose: 0 : 17840, 5, 2023/10/01, 23:19:22.627, 237774713547, vstest.console.dll, DotnetTestHostManager: Starting process 'C:\Users\Boncho\OneDrive\Desktop\Projects\DynamoSoftware\FileConverter\FileConverter\FileConverter.Tests\bin\Debug\net6.0\fine-code-coverage\build-output\testhost.exe' with command line ' --runtimeconfig "C:\Users\Boncho\OneDrive\Desktop\Projects\DynamoSoftware\FileConverter\FileConverter\FileConverter.Tests\bin\Debug\net6.0\fine-code-coverage\build-output\FileConverter.Tests.runtimeconfig.json" --depsfile "C:\Users\Boncho\OneDrive\Desktop\Projects\DynamoSoftware\FileConverter\FileConverter\FileConverter.Tests\bin\Debug\net6.0\fine-code-coverage\build-output\FileConverter.Tests.deps.json" --port 52945 --endpoint 127.0.0.1:052945 --role client --parentprocessid 17840 --diag "C:\Users\Boncho\OneDrive\Desktop\Projects\DynamoSoftware\FileConverter\FileConverter\FileConverter.Tests\bin\Debug\net6.0\fine-code-coverage\coverage-tool-output\diagnostics.host.23-10-01_23-19-22_62591_5.log" --tracelevel 4 --datacollectionport 52944 --telemetryoptedin false'
TpTrace Verbose: 0 : 17840, 5, 2023/10/01, 23:19:22.635, 237774792514, vstest.console.dll, MulticastDelegateUtilities.SafeInvoke: HostProviderEvents.OnHostLaunched: Invoking callback 1/2 for Microsoft.VisualStudio.TestPlatform.CrossPlatEngine.Client.ProxyExecutionManagerWithDataCollection., took 1 ms.
TpTrace Verbose: 0 : 17840, 5, 2023/10/01, 23:19:22.635, 237774795281, vstest.console.dll, Test Runtime launched
TpTrace Verbose: 0 : 17840, 5, 2023/10/01, 23:19:22.635, 237774796052, vstest.console.dll, MulticastDelegateUtilities.SafeInvoke: HostProviderEvents.OnHostLaunched: Invoking callback 2/2 for Microsoft.VisualStudio.TestPlatform.CrossPlatEngine.Client.ProxyOperationManager., took 0 ms.
TpTrace Verbose: 0 : 17840, 5, 2023/10/01, 23:19:22.635, 237774797853, vstest.console.dll, TestRequestSender.WaitForRequestHandlerConnection: waiting for connection with timeout: 90000.
TpTrace Verbose: 0 : 17840, 5, 2023/10/01, 23:19:22.814, 237776582523, vstest.console.dll, TestRequestSender.WaitForRequestHandlerConnection: waiting took 178 ms, with timeout 90000 ms, and result 0, which is success.
TpTrace Verbose: 0 : 17840, 13, 2023/10/01, 23:19:22.814, 237776582524, vstest.console.dll, MulticastDelegateUtilities.SafeInvoke: SocketServer: ClientConnected: Invoking callback 1/1 for Microsoft.VisualStudio.TestPlatform.CommunicationUtilities.TestRequestSender., took 0 ms.
TpTrace Verbose: 0 : 17840, 13, 2023/10/01, 23:19:22.814, 237776584040, vstest.console.dll, SocketServer.OnClientConnected: Client connected for endPoint: 127.0.0.1:52945, starting MessageLoopAsync:
TpTrace Verbose: 0 : 17840, 12, 2023/10/01, 23:19:22.814, 237776587180, vstest.console.dll, TcpClientExtensions.MessageLoopAsync: Polling on remoteEndPoint: 127.0.0.1:52946 localEndPoint: 127.0.0.1:52945
TpTrace Verbose: 0 : 17840, 5, 2023/10/01, 23:19:22.815, 237776591944, vstest.console.dll, TestRequestSender.CheckVersionWithTestHost: Sending check version message: {"MessageType":"ProtocolVersion","Payload":7}
TpTrace Verbose: 0 : 17840, 12, 2023/10/01, 23:19:22.964, 237778081520, vstest.console.dll, TcpClientExtensions.MessageLoopAsync: NotifyDataAvailable remoteEndPoint: 127.0.0.1:52946 localEndPoint: 127.0.0.1:52945
TpTrace Verbose: 0 : 17840, 12, 2023/10/01, 23:19:22.964, 237778083491, vstest.console.dll, TestRequestSender.CheckVersionWithTestHost: onMessageReceived received message: (ProtocolVersion) -> {"MessageType":"ProtocolVersion","Payload":7}
TpTrace Verbose: 0 : 17840, 12, 2023/10/01, 23:19:22.964, 237778088916, vstest.console.dll, MulticastDelegateUtilities.SafeInvoke: LengthPrefixCommunicationChannel: MessageReceived: Invoking callback 1/1 for Microsoft.VisualStudio.TestPlatform.CommunicationUtilities.TestRequestSender+<>c__DisplayClass29_0., took 0 ms.
TpTrace Verbose: 0 : 17840, 12, 2023/10/01, 23:19:22.964, 237778089603, vstest.console.dll, TcpClientExtensions.MessageLoopAsync: Polling on remoteEndPoint: 127.0.0.1:52946 localEndPoint: 127.0.0.1:52945
TpTrace Verbose: 0 : 17840, 5, 2023/10/01, 23:19:22.964, 237778089738, vstest.console.dll, TestPluginCache.GetExtensionPaths: Filtered extension paths: 
TpTrace Verbose: 0 : 17840, 5, 2023/10/01, 23:19:22.964, 237778090232, vstest.console.dll, TestPluginCache.GetExtensionPaths: Added default extension paths: C:\Program Files\dotnet\sdk\7.0.306\Extensions\Microsoft.Diagnostics.NETCore.Client.dll
C:\Program Files\dotnet\sdk\7.0.306\Extensions\Microsoft.TestPlatform.Extensions.BlameDataCollector.dll
C:\Program Files\dotnet\sdk\7.0.306\Extensions\Microsoft.TestPlatform.Extensions.EventLogCollector.dll
C:\Program Files\dotnet\sdk\7.0.306\Extensions\Microsoft.TestPlatform.TestHostRuntimeProvider.dll
C:\Program Files\dotnet\sdk\7.0.306\Extensions\Microsoft.VisualStudio.TestPlatform.Extensions.Html.TestLogger.dll
C:\Program Files\dotnet\sdk\7.0.306\Extensions\Microsoft.VisualStudio.TestPlatform.Extensions.Trx.TestLogger.dll
TpTrace Verbose: 0 : 17840, 5, 2023/10/01, 23:19:22.964, 237778090685, vstest.console.dll, TestPluginCache.GetExtensionPaths: Added unfilterableExtensionPaths: 
TpTrace Verbose: 0 : 17840, 5, 2023/10/01, 23:19:22.967, 237778113835, vstest.console.dll, TestRequestSender.InitializeExecution: Sending initialize execution with message: {"Version":7,"MessageType":"TestExecution.Initialize","Payload":["C:\\Users\\Boncho\\OneDrive\\Desktop\\Projects\\DynamoSoftware\\FileConverter\\FileConverter\\FileConverter.Tests\\bin\\Debug\\net6.0\\fine-code-coverage\\build-output\\NUnit3.TestAdapter.dll"]}
TpTrace Verbose: 0 : 17840, 5, 2023/10/01, 23:19:22.967, 237778115500, vstest.console.dll, ParallelProxyExecutionManager: Execution started. Started clients: 1
TpTrace Verbose: 0 : 17840, 5, 2023/10/01, 23:19:22.967, 237778117545, vstest.console.dll, TestRunRequest:SendTestRunMessage: Starting.
TpTrace Verbose: 0 : 17840, 5, 2023/10/01, 23:19:22.967, 237778118770, vstest.console.dll, MulticastDelegateUtilities.SafeInvoke: TestRun.LogMessages: Invoking callback 1/1 for Microsoft.VisualStudio.TestPlatform.CommandLine.TestRunResultAggregator., took 0 ms.
TpTrace Information: 0 : 17840, 5, 2023/10/01, 23:19:22.967, 237778119060, vstest.console.dll, TestRunRequest:SendTestRunMessage: Completed.
TpTrace Verbose: 0 : 17840, 4, 2023/10/01, 23:19:22.967, 237778120555, vstest.console.dll, MulticastDelegateUtilities.SafeInvoke: InternalTestLoggerEvents.SendTestRunMessage: Invoking callback 1/1 for Microsoft.VisualStudio.TestPlatform.CommandLine.Internal.ConsoleLogger., took 0 ms.
TpTrace Warning: 0 : 17840, 5, 2023/10/01, 23:19:22.968, 237778123478, vstest.console.dll, InferRunSettingsHelper.MakeRunsettingsCompatible: Removing the following settings: TargetPlatform from RunSettings file. To use those settings please move to latest version of Microsoft.NET.Test.Sdk
TpTrace Verbose: 0 : 17840, 12, 2023/10/01, 23:19:22.968, 237778125460, vstest.console.dll, TcpClientExtensions.MessageLoopAsync: NotifyDataAvailable remoteEndPoint: 127.0.0.1:52946 localEndPoint: 127.0.0.1:52945
TpTrace Verbose: 0 : 17840, 12, 2023/10/01, 23:19:22.968, 237778126730, vstest.console.dll, LengthPrefixCommunicationChannel.NotifyDataAvailable: New data are waiting to be received, but there is no subscriber to be notified. Not reading them from the stream.
TpTrace Verbose: 0 : 17840, 12, 2023/10/01, 23:19:22.968, 237778127585, vstest.console.dll, TcpClientExtensions.MessageLoopAsync: Polling on remoteEndPoint: 127.0.0.1:52946 localEndPoint: 127.0.0.1:52945
TpTrace Verbose: 0 : 17840, 12, 2023/10/01, 23:19:22.968, 237778128088, vstest.console.dll, TcpClientExtensions.MessageLoopAsync: NotifyDataAvailable remoteEndPoint: 127.0.0.1:52946 localEndPoint: 127.0.0.1:52945
TpTrace Verbose: 0 : 17840, 12, 2023/10/01, 23:19:22.968, 237778130894, vstest.console.dll, TestRequestSender.OnExecutionMessageReceived: Received message: {"Version":7,"MessageType":"TestSession.Message","Payload":{"MessageLevel":0,"Message":"Logging TestHost Diagnostics in file: C:\\Users\\Boncho\\OneDrive\\Desktop\\Projects\\DynamoSoftware\\FileConverter\\FileConverter\\FileConverter.Tests\\bin\\Debug\\net6.0\\fine-code-coverage\\coverage-tool-output\\diagnostics.host.23-10-01_23-19-22_62591_5.log"}}
TpTrace Verbose: 0 : 17840, 12, 2023/10/01, 23:19:22.986, 237778303025, vstest.console.dll, TestRunRequest:SendTestRunMessage: Starting.
TpTrace Verbose: 0 : 17840, 12, 2023/10/01, 23:19:22.986, 237778304465, vstest.console.dll, MulticastDelegateUtilities.SafeInvoke: TestRun.LogMessages: Invoking callback 1/1 for Microsoft.VisualStudio.TestPlatform.CommandLine.TestRunResultAggregator., took 0 ms.
TpTrace Verbose: 0 : 17840, 4, 2023/10/01, 23:19:22.986, 237778304697, vstest.console.dll, MulticastDelegateUtilities.SafeInvoke: InternalTestLoggerEvents.SendTestRunMessage: Invoking callback 1/1 for Microsoft.VisualStudio.TestPlatform.CommandLine.Internal.ConsoleLogger., took 0 ms.
TpTrace Information: 0 : 17840, 12, 2023/10/01, 23:19:22.986, 237778304827, vstest.console.dll, TestRunRequest:SendTestRunMessage: Completed.
TpTrace Verbose: 0 : 17840, 12, 2023/10/01, 23:19:22.986, 237778306397, vstest.console.dll, MulticastDelegateUtilities.SafeInvoke: LengthPrefixCommunicationChannel: MessageReceived: Invoking callback 1/1 for Microsoft.VisualStudio.TestPlatform.CommunicationUtilities.TestRequestSender+<>c__DisplayClass34_0., took 17 ms.
TpTrace Verbose: 0 : 17840, 12, 2023/10/01, 23:19:22.986, 237778306712, vstest.console.dll, TcpClientExtensions.MessageLoopAsync: Polling on remoteEndPoint: 127.0.0.1:52946 localEndPoint: 127.0.0.1:52945
TpTrace Verbose: 0 : 17840, 5, 2023/10/01, 23:19:22.990, 237778350511, vstest.console.dll, TestRequestSender.StartTestRun: Sending test run with message: {"Version":7,"MessageType":"TestExecution.StartWithSources","Payload":{"AdapterSourceMap":{"_none_":["C:\\Users\\Boncho\\OneDrive\\Desktop\\Projects\\DynamoSoftware\\FileConverter\\FileConverter\\FileConverter.Tests\\bin\\Debug\\net6.0\\fine-code-coverage\\build-output\\FileConverter.Tests.dll"]},"RunSettings":"<RunSettings>\r\n  <RunConfiguration>\r\n    <ResultsDirectory>C:\\Users\\Boncho\\OneDrive\\Desktop\\Projects\\DynamoSoftware\\FileConverter\\FileConverter\\FileConverter.Tests\\bin\\Debug\\net6.0\\fine-code-coverage\\coverage-tool-output</ResultsDirectory>\r\n    <TargetFrameworkVersion>.NETCoreApp,Version=v6.0</TargetFrameworkVersion>\r\n    <DesignMode>False</DesignMode>\r\n    <CollectSourceInformation>False</CollectSourceInformation>\r\n  </RunConfiguration>\r\n  <LoggerRunSettings>\r\n    <Loggers>\r\n      <Logger friendlyName=\"blame\" enabled=\"True\" />\r\n      <Logger friendlyName=\"Console\" uri=\"logger://microsoft/TestPlatform/ConsoleLogger/v1\" assemblyQualifiedName=\"Microsoft.VisualStudio.TestPlatform.CommandLine.Internal.ConsoleLogger, vstest.console, Version=15.0.0.0, Culture=neutral, PublicKeyToken=b03f5f7f11d50a3a\" codeBase=\"C:\\Program Files\\dotnet\\sdk\\7.0.306\\vstest.console.dll\" enabled=\"True\" />\r\n    </Loggers>\r\n  </LoggerRunSettings>\r\n  <DataCollectionRunSettings>\r\n    <DataCollectors>\r\n      <DataCollector friendlyName=\"blame\" enabled=\"True\">\r\n        <Configuration>\r\n          <ResultsDirectory>C:\\Users\\Boncho\\OneDrive\\Desktop\\Projects\\DynamoSoftware\\FileConverter\\FileConverter\\FileConverter.Tests\\bin\\Debug\\net6.0\\fine-code-coverage\\coverage-tool-output</ResultsDirectory>\r\n        </Configuration>\r\n      </DataCollector>\r\n    </DataCollectors>\r\n  </DataCollectionRunSettings>\r\n</RunSettings>","TestExecutionContext":{"FrequencyOfRunStatsChangeEvent":10,"RunStatsChangeEventTimeout":"00:00:01.5000000","InIsolation":false,"KeepAlive":false,"AreTestCaseLevelEventsRequired":false,"IsDebug":false,"TestCaseFilter":null,"FilterOptions":null},"Package":null}}
TpTrace Verbose: 0 : 17840, 12, 2023/10/01, 23:19:23.153, 237779979183, vstest.console.dll, TcpClientExtensions.MessageLoopAsync: NotifyDataAvailable remoteEndPoint: 127.0.0.1:52946 localEndPoint: 127.0.0.1:52945
TpTrace Verbose: 0 : 17840, 12, 2023/10/01, 23:19:23.153, 237779980870, vstest.console.dll, TestRequestSender.OnExecutionMessageReceived: Received message: {"Version":7,"MessageType":"TestSession.Message","Payload":{"MessageLevel":0,"Message":"NUnit Adapter 4.4.0.0: Test execution started"}}
TpTrace Verbose: 0 : 17840, 12, 2023/10/01, 23:19:23.154, 237779983290, vstest.console.dll, TestRunRequest:SendTestRunMessage: Starting.
TpTrace Verbose: 0 : 17840, 12, 2023/10/01, 23:19:23.154, 237779984122, vstest.console.dll, MulticastDelegateUtilities.SafeInvoke: TestRun.LogMessages: Invoking callback 1/1 for Microsoft.VisualStudio.TestPlatform.CommandLine.TestRunResultAggregator., took 0 ms.
TpTrace Verbose: 0 : 17840, 4, 2023/10/01, 23:19:23.154, 237779984389, vstest.console.dll, MulticastDelegateUtilities.SafeInvoke: InternalTestLoggerEvents.SendTestRunMessage: Invoking callback 1/1 for Microsoft.VisualStudio.TestPlatform.CommandLine.Internal.ConsoleLogger., took 0 ms.
TpTrace Information: 0 : 17840, 12, 2023/10/01, 23:19:23.154, 237779984597, vstest.console.dll, TestRunRequest:SendTestRunMessage: Completed.
TpTrace Verbose: 0 : 17840, 12, 2023/10/01, 23:19:23.154, 237779985877, vstest.console.dll, MulticastDelegateUtilities.SafeInvoke: LengthPrefixCommunicationChannel: MessageReceived: Invoking callback 1/1 for Microsoft.VisualStudio.TestPlatform.CommunicationUtilities.TestRequestSender+<>c__DisplayClass34_0., took 0 ms.
TpTrace Verbose: 0 : 17840, 12, 2023/10/01, 23:19:23.154, 237779986259, vstest.console.dll, TcpClientExtensions.MessageLoopAsync: Polling on remoteEndPoint: 127.0.0.1:52946 localEndPoint: 127.0.0.1:52945
TpTrace Verbose: 0 : 17840, 12, 2023/10/01, 23:19:23.182, 237780265205, vstest.console.dll, TcpClientExtensions.MessageLoopAsync: NotifyDataAvailable remoteEndPoint: 127.0.0.1:52946 localEndPoint: 127.0.0.1:52945
TpTrace Verbose: 0 : 17840, 12, 2023/10/01, 23:19:23.182, 237780266903, vstest.console.dll, TestRequestSender.OnExecutionMessageReceived: Received message: {"Version":7,"MessageType":"TestSession.Message","Payload":{"MessageLevel":0,"Message":"Running all tests in C:\\Users\\Boncho\\OneDrive\\Desktop\\Projects\\DynamoSoftware\\FileConverter\\FileConverter\\FileConverter.Tests\\bin\\Debug\\net6.0\\fine-code-coverage\\build-output\\FileConverter.Tests.dll"}}
TpTrace Verbose: 0 : 17840, 12, 2023/10/01, 23:19:23.182, 237780268215, vstest.console.dll, TestRunRequest:SendTestRunMessage: Starting.
TpTrace Verbose: 0 : 17840, 12, 2023/10/01, 23:19:23.182, 237780268786, vstest.console.dll, MulticastDelegateUtilities.SafeInvoke: TestRun.LogMessages: Invoking callback 1/1 for Microsoft.VisualStudio.TestPlatform.CommandLine.TestRunResultAggregator., took 0 ms.
TpTrace Information: 0 : 17840, 12, 2023/10/01, 23:19:23.182, 237780269056, vstest.console.dll, TestRunRequest:SendTestRunMessage: Completed.
TpTrace Verbose: 0 : 17840, 12, 2023/10/01, 23:19:23.182, 237780269336, vstest.console.dll, MulticastDelegateUtilities.SafeInvoke: LengthPrefixCommunicationChannel: MessageReceived: Invoking callback 1/1 for Microsoft.VisualStudio.TestPlatform.CommunicationUtilities.TestRequestSender+<>c__DisplayClass34_0., took 0 ms.
TpTrace Verbose: 0 : 17840, 4, 2023/10/01, 23:19:23.182, 237780269477, vstest.console.dll, MulticastDelegateUtilities.SafeInvoke: InternalTestLoggerEvents.SendTestRunMessage: Invoking callback 1/1 for Microsoft.VisualStudio.TestPlatform.CommandLine.Internal.ConsoleLogger., took 0 ms.
TpTrace Verbose: 0 : 17840, 12, 2023/10/01, 23:19:23.182, 237780269603, vstest.console.dll, TcpClientExtensions.MessageLoopAsync: Polling on remoteEndPoint: 127.0.0.1:52946 localEndPoint: 127.0.0.1:52945
TpTrace Verbose: 0 : 17840, 12, 2023/10/01, 23:19:23.329, 237781740195, vstest.console.dll, TcpClientExtensions.MessageLoopAsync: NotifyDataAvailable remoteEndPoint: 127.0.0.1:52946 localEndPoint: 127.0.0.1:52945
TpTrace Verbose: 0 : 17840, 12, 2023/10/01, 23:19:23.330, 237781741820, vstest.console.dll, TestRequestSender.OnExecutionMessageReceived: Received message: {"Version":7,"MessageType":"TestSession.Message","Payload":{"MessageLevel":0,"Message":"   NUnit3TestExecutor discovered 11 of 11 NUnit test cases using Current Discovery mode, Non-Explicit run"}}
TpTrace Verbose: 0 : 17840, 12, 2023/10/01, 23:19:23.330, 237781742951, vstest.console.dll, TestRunRequest:SendTestRunMessage: Starting.
TpTrace Verbose: 0 : 17840, 12, 2023/10/01, 23:19:23.330, 237781743467, vstest.console.dll, MulticastDelegateUtilities.SafeInvoke: TestRun.LogMessages: Invoking callback 1/1 for Microsoft.VisualStudio.TestPlatform.CommandLine.TestRunResultAggregator., took 0 ms.
TpTrace Information: 0 : 17840, 12, 2023/10/01, 23:19:23.330, 237781743710, vstest.console.dll, TestRunRequest:SendTestRunMessage: Completed.
TpTrace Verbose: 0 : 17840, 4, 2023/10/01, 23:19:23.330, 237781743752, vstest.console.dll, MulticastDelegateUtilities.SafeInvoke: InternalTestLoggerEvents.SendTestRunMessage: Invoking callback 1/1 for Microsoft.VisualStudio.TestPlatform.CommandLine.Internal.ConsoleLogger., took 0 ms.
TpTrace Verbose: 0 : 17840, 12, 2023/10/01, 23:19:23.330, 237781743942, vstest.console.dll, MulticastDelegateUtilities.SafeInvoke: LengthPrefixCommunicationChannel: MessageReceived: Invoking callback 1/1 for Microsoft.VisualStudio.TestPlatform.CommunicationUtilities.TestRequestSender+<>c__DisplayClass34_0., took 0 ms.
TpTrace Verbose: 0 : 17840, 12, 2023/10/01, 23:19:23.330, 237781745055, vstest.console.dll, TcpClientExtensions.MessageLoopAsync: Polling on remoteEndPoint: 127.0.0.1:52946 localEndPoint: 127.0.0.1:52945
TpTrace Verbose: 0 : 17840, 12, 2023/10/01, 23:19:23.623, 237784676076, vstest.console.dll, TcpClientExtensions.MessageLoopAsync: NotifyDataAvailable remoteEndPoint: 127.0.0.1:52946 localEndPoint: 127.0.0.1:52945
TpTrace Verbose: 0 : 17840, 12, 2023/10/01, 23:19:23.623, 237784678434, vstest.console.dll, TestRequestSender.OnExecutionMessageReceived: Received message: {"Version":7,"MessageType":"TestExecution.StatsChange","Payload":{"NewTestResults":[{"TestCase":{"Id":"003898b0-4df2-e836-6b04-b20f88b1d0b4","FullyQualifiedName":"FileConverter.Tests.FileConverter.Infrastructure.MappingProfileTests.CreateMap_WhenMappingIFormFileToFileData_ConfiguresMappingsCorrectly","DisplayName":"CreateMap_WhenMappingIFormFileToFileData_ConfiguresMappingsCorrectly","ExecutorUri":"executor://NUnit3TestExecutor","Source":"C:\\Users\\Boncho\\OneDrive\\Desktop\\Projects\\DynamoSoftware\\FileConverter\\FileConverter\\FileConverter.Tests\\bin\\Debug\\net6.0\\fine-code-coverage\\build-output\\FileConverter.Tests.dll","CodeFilePath":null,"LineNumber":0,"Properties":[{"Key":{"Id":"NUnit.Seed","Label":"Seed","Category":"","Description":"","Attributes":0,"ValueType":"System.String"},"Value":"1223860290"}]},"Attachments":[],"Outcome":1,"ErrorMessage":null,"ErrorStackTrace":null,"DisplayName":"CreateMap_WhenMappingIFormFileToFileData_ConfiguresMappingsCorrectly","Messages":[],"ComputerName":"DESKTOP-2EL42QV","Duration":"00:00:00.1231650","StartTime":"2023-10-01T20:19:23.3555443+00:00","EndTime":"2023-10-01T20:19:23.4786312+00:00","Properties":[{"Key":{"Id":"NUnit.Seed","Label":"Seed","Category":"","Description":"","Attributes":0,"ValueType":"System.String"},"Value":"1223860290"}]},{"TestCase":{"Id":"f2d5a895-6922-6946-7cec-d1c690ad37f6","FullyQualifiedName":"FileConverter.Tests.FileConverter.Services.ArchiveFilesAsyncTests.ArchiveFilesAsync_WithEmptyFiles_ReturnsEmptyZipFile","DisplayName":"ArchiveFilesAsync_WithEmptyFiles_ReturnsEmptyZipFile","ExecutorUri":"executor://NUnit3TestExecutor","Source":"C:\\Users\\Boncho\\OneDrive\\Desktop\\Projects\\DynamoSoftware\\FileConverter\\FileConverter\\FileConverter.Tests\\bin\\Debug\\net6.0\\fine-code-coverage\\build-output\\FileConverter.Tests.dll","CodeFilePath":null,"LineNumber":0,"Properties":[{"Key":{"Id":"NUnit.Seed","Label":"Seed","Category":"","Description":"","Attributes":0,"ValueType":"System.String"},"Value":"1781683226"}]},"Attachments":[],"Outcome":1,"ErrorMessage":null,"ErrorStackTrace":null,"DisplayName":"ArchiveFilesAsync_WithEmptyFiles_ReturnsEmptyZipFile","Messages":[],"ComputerName":"DESKTOP-2EL42QV","Duration":"00:00:00.0816650","StartTime":"2023-10-01T20:19:23.4821613+00:00","EndTime":"2023-10-01T20:19:23.5638255+00:00","Properties":[{"Key":{"Id":"NUnit.Seed","Label":"Seed","Category":"","Description":"","Attributes":0,"ValueType":"System.String"},"Value":"1781683226"}]},{"TestCase":{"Id":"0b1ab315-3f83-ef95-d3eb-99447cc173e4","FullyQualifiedName":"FileConverter.Tests.FileConverter.Services.ArchiveFilesAsyncTests.ArchiveFilesAsync_WithInvalidFiles_ReturnsEmptyZipFile","DisplayName":"ArchiveFilesAsync_WithInvalidFiles_ReturnsEmptyZipFile","ExecutorUri":"executor://NUnit3TestExecutor","Source":"C:\\Users\\Boncho\\OneDrive\\Desktop\\Projects\\DynamoSoftware\\FileConverter\\FileConverter\\FileConverter.Tests\\bin\\Debug\\net6.0\\fine-code-coverage\\build-output\\FileConverter.Tests.dll","CodeFilePath":null,"LineNumber":0,"Properties":[{"Key":{"Id":"NUnit.Seed","Label":"Seed","Category":"","Description":"","Attributes":0,"ValueType":"System.String"},"Value":"332688748"}]},"Attachments":[],"Outcome":1,"ErrorMessage":null,"ErrorStackTrace":null,"DisplayName":"ArchiveFilesAsync_WithInvalidFiles_ReturnsEmptyZipFile","Messages":[],"ComputerName":"DESKTOP-2EL42QV","Duration":"00:00:00.0026790","StartTime":"2023-10-01T20:19:23.5638689+00:00","EndTime":"2023-10-01T20:19:23.5665477+00:00","Properties":[{"Key":{"Id":"NUnit.Seed","Label":"Seed","Category":"","Description":"","Attributes":0,"ValueType":"System.String"},"Value":"332688748"}]},{"TestCase":{"Id":"c4cb7338-8286-89bd-55f3-68df857d16cb","FullyQualifiedName":"FileConverter.Tests.FileConverter.Services.ArchiveFilesAsyncTests.ArchiveFilesAsync_WithValidFiles_ReturnsZipFile","DisplayName":"ArchiveFilesAsync_WithValidFiles_ReturnsZipFile","ExecutorUri":"executor://NUnit3TestExecutor","Source":"C:\\Users\\Boncho\\OneDrive\\Desktop\\Projects\\DynamoSoftware\\FileConverter\\FileConverter\\FileConverter.Tests\\bin\\Debug\\net6.0\\fine-code-coverage\\build-output\\FileConverter.Tests.dll","CodeFilePath":null,"LineNumber":0,"Properties":[{"Key":{"Id":"NUnit.Seed","Label":"Seed","Category":"","Description":"","Attributes":0,"ValueType":"System.String"},"Value":"694712750"}]},"Attachments":[],"Outcome":1,"ErrorMessage":null,"ErrorStackTrace":null,"DisplayName":"ArchiveFilesAsync_WithValidFiles_ReturnsZipFile","Messages":[],"ComputerName":"DESKTOP-2EL42QV","Duration":"00:00:00.0062320","StartTime":"2023-10-01T20:19:23.5665655+00:00","EndTime":"2023-10-01T20:19:23.5727975+00:00","Properties":[{"Key":{"Id":"NUnit.Seed","Label":"Seed","Category":"","Description":"","Attributes":0,"ValueType":"System.String"},"Value":"694712750"}]},{"TestCase":{"Id":"bcdee20f-0222-e54a-3d4e-425556e9f976","FullyQualifiedName":"FileConverter.Tests.FileConverter.Services.FileGuardTests.FileGuardTests.Validate_WhenDataIsNull_ReturnsErrorResult","DisplayName":"Validate_WhenDataIsNull_ReturnsErrorResult","ExecutorUri":"executor://NUnit3TestExecutor","Source":"C:\\Users\\Boncho\\OneDrive\\Desktop\\Projects\\DynamoSoftware\\FileConverter\\FileConverter\\FileConverter.Tests\\bin\\Debug\\net6.0\\fine-code-coverage\\build-output\\FileConverter.Tests.dll","CodeFilePath":null,"LineNumber":0,"Properties":[{"Key":{"Id":"NUnit.Seed","Label":"Seed","Category":"","Description":"","Attributes":0,"ValueType":"System.String"},"Value":"2133855970"}]},"Attachments":[],"Outcome":1,"ErrorMessage":null,"ErrorStackTrace":null,"DisplayName":"Validate_WhenDataIsNull_ReturnsErrorResult","Messages":[],"ComputerName":"DESKTOP-2EL42QV","Duration":"00:00:00.0019980","StartTime":"2023-10-01T20:19:23.5729472+00:00","EndTime":"2023-10-01T20:19:23.5749451+00:00","Properties":[{"Key":{"Id":"NUnit.Seed","Label":"Seed","Category":"","Description":"","Attributes":0,"ValueType":"System.String"},"Value":"2133855970"}]},{"TestCase":{"Id":"6c508eb6-bcf6-9259-8527-5964f3385e12","FullyQualifiedName":"FileConverter.Tests.FileConverter.Services.FileGuardTests.FileGuardTests.Validate_WhenDataIsValid_ReturnsSuccessResult","DisplayName":"Validate_WhenDataIsValid_ReturnsSuccessResult","ExecutorUri":"executor://NUnit3TestExecutor","Source":"C:\\Users\\Boncho\\OneDrive\\Desktop\\Projects\\DynamoSoftware\\FileConverter\\FileConverter\\FileConverter.Tests\\bin\\Debug\\net6.0\\fine-code-coverage\\build-output\\FileConverter.Tests.dll","CodeFilePath":null,"LineNumber":0,"Properties":[{"Key":{"Id":"NUnit.Seed","Label":"Seed","Category":"","Description":"","Attributes":0,"ValueType":"System.String"},"Value":"1742536624"}]},"Attachments":[],"Outcome":1,"ErrorMessage":null,"ErrorStackTrace":null,"DisplayName":"Validate_WhenDataIsValid_ReturnsSuccessResult","Messages":[],"ComputerName":"DESKTOP-2EL42QV","Duration":"00:00:00.0014690","StartTime":"2023-10-01T20:19:23.5749648+00:00","EndTime":"2023-10-01T20:19:23.5764332+00:00","Properties":[{"Key":{"Id":"NUnit.Seed","Label":"Seed","Category":"","Description":"","Attributes":0,"ValueType":"System.String"},"Value":"1742536624"}]},{"TestCase":{"Id":"8cca9dd9-a59d-48d4-c305-177416339e28","FullyQualifiedName":"FileConverter.Tests.FileConverter.Services.FileGuardTests.FileGuardTests.Validate_WhenFileSizeExceedsLimit_ReturnsErrorResult","DisplayName":"Validate_WhenFileSizeExceedsLimit_ReturnsErrorResult","ExecutorUri":"executor://NUnit3TestExecutor","Source":"C:\\Users\\Boncho\\OneDrive\\Desktop\\Projects\\DynamoSoftware\\FileConverter\\FileConverter\\FileConverter.Tests\\bin\\Debug\\net6.0\\fine-code-coverage\\build-output\\FileConverter.Tests.dll","CodeFilePath":null,"LineNumber":0,"Properties":[{"Key":{"Id":"NUnit.Seed","Label":"Seed","Category":"","Description":"","Attributes":0,"ValueType":"System.String"},"Value":"361379987"}]},"Attachments":[],"Outcome":1,"ErrorMessage":null,"ErrorStackTrace":null,"DisplayName":"Validate_WhenFileSizeExceedsLimit_ReturnsErrorResult","Messages":[],"ComputerName":"DESKTOP-2EL42QV","Duration":"00:00:00.0004150","StartTime":"2023-10-01T20:19:23.5764521+00:00","EndTime":"2023-10-01T20:19:23.5768667+00:00","Properties":[{"Key":{"Id":"NUnit.Seed","Label":"Seed","Category":"","Description":"","Attributes":0,"ValueType":"System.String"},"Value":"361379987"}]},{"TestCase":{"Id":"9178533a-befd-376d-778f-b9b35c654e5b","FullyQualifiedName":"FileConverter.Tests.FileConverter.Services.FileGuardTests.FileGuardTests.Validate_WhenFileTypeIsNotSupported_ReturnsErrorResult","DisplayName":"Validate_WhenFileTypeIsNotSupported_ReturnsErrorResult","ExecutorUri":"executor://NUnit3TestExecutor","Source":"C:\\Users\\Boncho\\OneDrive\\Desktop\\Projects\\DynamoSoftware\\FileConverter\\FileConverter\\FileConverter.Tests\\bin\\Debug\\net6.0\\fine-code-coverage\\build-output\\FileConverter.Tests.dll","CodeFilePath":null,"LineNumber":0,"Properties":[{"Key":{"Id":"NUnit.Seed","Label":"Seed","Category":"","Description":"","Attributes":0,"ValueType":"System.String"},"Value":"2059999294"}]},"Attachments":[],"Outcome":1,"ErrorMessage":null,"ErrorStackTrace":null,"DisplayName":"Validate_WhenFileTypeIsNotSupported_ReturnsErrorResult","Messages":[],"ComputerName":"DESKTOP-2EL42QV","Duration":"00:00:00.0003330","StartTime":"2023-10-01T20:19:23.5768799+00:00","EndTime":"2023-10-01T20:19:23.577213+00:00","Properties":[{"Key":{"Id":"NUnit.Seed","Label":"Seed","Category":"","Description":"","Attributes":0,"ValueType":"System.String"},"Value":"2059999294"}]},{"TestCase":{"Id":"e753c1ef-9f39-3225-2d4d-11f093bf880b","FullyQualifiedName":"FileConverter.Tests.FileConverter.Services.ProcessFileAsyncTests.ProcessFileAsync_ExceptionThrown_ReturnsInternalResultWithError","DisplayName":"ProcessFileAsync_ExceptionThrown_ReturnsInternalResultWithError","ExecutorUri":"executor://NUnit3TestExecutor","Source":"C:\\Users\\Boncho\\OneDrive\\Desktop\\Projects\\DynamoSoftware\\FileConverter\\FileConverter\\FileConverter.Tests\\bin\\Debug\\net6.0\\fine-code-coverage\\build-output\\FileConverter.Tests.dll","CodeFilePath":null,"LineNumber":0,"Properties":[{"Key":{"Id":"NUnit.Seed","Label":"Seed","Category":"","Description":"","Attributes":0,"ValueType":"System.String"},"Value":"1038237707"}]},"Attachments":[],"Outcome":1,"ErrorMessage":null,"ErrorStackTrace":null,"DisplayName":"ProcessFileAsync_ExceptionThrown_ReturnsInternalResultWithError","Messages":[],"ComputerName":"DESKTOP-2EL42QV","Duration":"00:00:00.0226340","StartTime":"2023-10-01T20:19:23.5773588+00:00","EndTime":"2023-10-01T20:19:23.5999925+00:00","Properties":[{"Key":{"Id":"NUnit.Seed","Label":"Seed","Category":"","Description":"","Attributes":0,"ValueType":"System.String"},"Value":"1038237707"}]}],"TestRunStatistics":{"ExecutedTests":9,"Stats":{"Passed":9}},"ActiveTests":[{"Id":"7e450b2f-b52c-c070-3ab9-93ace7b9bfa4","FullyQualifiedName":"FileConverter.Tests.FileConverter.Services.ProcessFileAsyncTests.ProcessFileAsync_InvalidFile_ReturnsValidationResult","DisplayName":"ProcessFileAsync_InvalidFile_ReturnsValidationResult","ExecutorUri":"executor://NUnit3TestExecutor","Source":"C:\\Users\\Boncho\\OneDrive\\Desktop\\Projects\\DynamoSoftware\\FileConverter\\FileConverter\\FileConverter.Tests\\bin\\Debug\\net6.0\\fine-code-coverage\\build-output\\FileConverter.Tests.dll","CodeFilePath":null,"LineNumber":0,"Properties":[{"Key":{"Id":"NUnit.Seed","Label":"Seed","Category":"","Description":"","Attributes":0,"ValueType":"System.String"},"Value":"1982107828"}]}]}}
TpTrace Verbose: 0 : 17840, 12, 2023/10/01, 23:19:23.656, 237785004943, vstest.console.dll, TestRunRequest:SendTestRunStatsChange: Starting.
TpTrace Verbose: 0 : 17840, 12, 2023/10/01, 23:19:23.656, 237785006876, vstest.console.dll, InProgress is ProcessFileAsync_InvalidFile_ReturnsValidationResult
TpTrace Verbose: 0 : 17840, 12, 2023/10/01, 23:19:23.656, 237785009189, vstest.console.dll, MulticastDelegateUtilities.SafeInvoke: TestRun.RunStatsChanged: Invoking callbacks was skipped because there are no subscribers.
TpTrace Information: 0 : 17840, 12, 2023/10/01, 23:19:23.656, 237785009605, vstest.console.dll, TestRunRequest:SendTestRunStatsChange: Completed.
TpTrace Verbose: 0 : 17840, 12, 2023/10/01, 23:19:23.656, 237785010053, vstest.console.dll, MulticastDelegateUtilities.SafeInvoke: LengthPrefixCommunicationChannel: MessageReceived: Invoking callback 1/1 for Microsoft.VisualStudio.TestPlatform.CommunicationUtilities.TestRequestSender+<>c__DisplayClass34_0., took 33 ms.
TpTrace Verbose: 0 : 17840, 12, 2023/10/01, 23:19:23.656, 237785010353, vstest.console.dll, TcpClientExtensions.MessageLoopAsync: Polling on remoteEndPoint: 127.0.0.1:52946 localEndPoint: 127.0.0.1:52945
TpTrace Verbose: 0 : 17840, 12, 2023/10/01, 23:19:23.656, 237785010739, vstest.console.dll, TcpClientExtensions.MessageLoopAsync: NotifyDataAvailable remoteEndPoint: 127.0.0.1:52946 localEndPoint: 127.0.0.1:52945
TpTrace Verbose: 0 : 17840, 12, 2023/10/01, 23:19:23.657, 237785011309, vstest.console.dll, TestRequestSender.OnExecutionMessageReceived: Received message: {"Version":7,"MessageType":"TestSession.Message","Payload":{"MessageLevel":0,"Message":"NUnit Adapter 4.4.0.0: Test execution complete"}}
TpTrace Verbose: 0 : 17840, 12, 2023/10/01, 23:19:23.657, 237785012206, vstest.console.dll, TestRunRequest:SendTestRunMessage: Starting.
TpTrace Verbose: 0 : 17840, 12, 2023/10/01, 23:19:23.657, 237785012634, vstest.console.dll, MulticastDelegateUtilities.SafeInvoke: TestRun.LogMessages: Invoking callback 1/1 for Microsoft.VisualStudio.TestPlatform.CommandLine.TestRunResultAggregator., took 0 ms.
TpTrace Information: 0 : 17840, 12, 2023/10/01, 23:19:23.657, 237785013535, vstest.console.dll, TestRunRequest:SendTestRunMessage: Completed.
TpTrace Verbose: 0 : 17840, 12, 2023/10/01, 23:19:23.657, 237785014061, vstest.console.dll, MulticastDelegateUtilities.SafeInvoke: LengthPrefixCommunicationChannel: MessageReceived: Invoking callback 1/1 for Microsoft.VisualStudio.TestPlatform.CommunicationUtilities.TestRequestSender+<>c__DisplayClass34_0., took 0 ms.
TpTrace Verbose: 0 : 17840, 12, 2023/10/01, 23:19:23.657, 237785014567, vstest.console.dll, TcpClientExtensions.MessageLoopAsync: Polling on remoteEndPoint: 127.0.0.1:52946 localEndPoint: 127.0.0.1:52945
TpTrace Verbose: 0 : 17840, 4, 2023/10/01, 23:19:23.658, 237785030578, vstest.console.dll, MulticastDelegateUtilities.SafeInvoke: InternalTestLoggerEvents.SendTestResult: Invoking callback 1/1 for Microsoft.VisualStudio.TestPlatform.CommandLine.Internal.ConsoleLogger., took 2 ms.
TpTrace Verbose: 0 : 17840, 4, 2023/10/01, 23:19:23.659, 237785033373, vstest.console.dll, MulticastDelegateUtilities.SafeInvoke: InternalTestLoggerEvents.SendTestResult: Invoking callback 1/1 for Microsoft.VisualStudio.TestPlatform.CommandLine.Internal.ConsoleLogger., took 0 ms.
TpTrace Verbose: 0 : 17840, 4, 2023/10/01, 23:19:23.659, 237785034055, vstest.console.dll, MulticastDelegateUtilities.SafeInvoke: InternalTestLoggerEvents.SendTestResult: Invoking callback 1/1 for Microsoft.VisualStudio.TestPlatform.CommandLine.Internal.ConsoleLogger., took 0 ms.
TpTrace Verbose: 0 : 17840, 4, 2023/10/01, 23:19:23.659, 237785034476, vstest.console.dll, MulticastDelegateUtilities.SafeInvoke: InternalTestLoggerEvents.SendTestResult: Invoking callback 1/1 for Microsoft.VisualStudio.TestPlatform.CommandLine.Internal.ConsoleLogger., took 0 ms.
TpTrace Verbose: 0 : 17840, 4, 2023/10/01, 23:19:23.659, 237785034869, vstest.console.dll, MulticastDelegateUtilities.SafeInvoke: InternalTestLoggerEvents.SendTestResult: Invoking callback 1/1 for Microsoft.VisualStudio.TestPlatform.CommandLine.Internal.ConsoleLogger., took 0 ms.
TpTrace Verbose: 0 : 17840, 4, 2023/10/01, 23:19:23.659, 237785035302, vstest.console.dll, MulticastDelegateUtilities.SafeInvoke: InternalTestLoggerEvents.SendTestResult: Invoking callback 1/1 for Microsoft.VisualStudio.TestPlatform.CommandLine.Internal.ConsoleLogger., took 0 ms.
TpTrace Verbose: 0 : 17840, 4, 2023/10/01, 23:19:23.660, 237785043361, vstest.console.dll, MulticastDelegateUtilities.SafeInvoke: InternalTestLoggerEvents.SendTestResult: Invoking callback 1/1 for Microsoft.VisualStudio.TestPlatform.CommandLine.Internal.ConsoleLogger., took 0 ms.
TpTrace Verbose: 0 : 17840, 4, 2023/10/01, 23:19:23.660, 237785044181, vstest.console.dll, MulticastDelegateUtilities.SafeInvoke: InternalTestLoggerEvents.SendTestResult: Invoking callback 1/1 for Microsoft.VisualStudio.TestPlatform.CommandLine.Internal.ConsoleLogger., took 0 ms.
TpTrace Verbose: 0 : 17840, 4, 2023/10/01, 23:19:23.660, 237785044654, vstest.console.dll, MulticastDelegateUtilities.SafeInvoke: InternalTestLoggerEvents.SendTestResult: Invoking callback 1/1 for Microsoft.VisualStudio.TestPlatform.CommandLine.Internal.ConsoleLogger., took 0 ms.
TpTrace Verbose: 0 : 17840, 4, 2023/10/01, 23:19:23.660, 237785045070, vstest.console.dll, MulticastDelegateUtilities.SafeInvoke: InternalTestLoggerEvents.SendTestRunMessage: Invoking callback 1/1 for Microsoft.VisualStudio.TestPlatform.CommandLine.Internal.ConsoleLogger., took 0 ms.
TpTrace Verbose: 0 : 17840, 12, 2023/10/01, 23:19:23.663, 237785080320, vstest.console.dll, TcpClientExtensions.MessageLoopAsync: NotifyDataAvailable remoteEndPoint: 127.0.0.1:52946 localEndPoint: 127.0.0.1:52945
TpTrace Verbose: 0 : 17840, 12, 2023/10/01, 23:19:23.664, 237785081887, vstest.console.dll, TestRequestSender.OnExecutionMessageReceived: Received message: {"Version":7,"MessageType":"TestExecution.Completed","Payload":{"TestRunCompleteArgs":{"TestRunStatistics":{"ExecutedTests":11,"Stats":{"Passed":11}},"IsCanceled":false,"IsAborted":false,"Error":null,"AttachmentSets":[],"InvokedDataCollectors":[],"ElapsedTimeInRunningTests":"00:00:00.5205352","Metrics":{},"DiscoveredExtensions":{"TestDiscoverers":["NUnit.VisualStudio.TestAdapter.NUnit3TestDiscoverer, NUnit3.TestAdapter, Version=4.4.0.0, Culture=neutral, PublicKeyToken=4cb40d35494691ac"],"TestExecutors":["executor://NUnit3TestExecutor"],"TestExecutors2":[],"TestSettingsProviders":[]}},"LastRunTests":{"NewTestResults":[{"TestCase":{"Id":"7e450b2f-b52c-c070-3ab9-93ace7b9bfa4","FullyQualifiedName":"FileConverter.Tests.FileConverter.Services.ProcessFileAsyncTests.ProcessFileAsync_InvalidFile_ReturnsValidationResult","DisplayName":"ProcessFileAsync_InvalidFile_ReturnsValidationResult","ExecutorUri":"executor://NUnit3TestExecutor","Source":"C:\\Users\\Boncho\\OneDrive\\Desktop\\Projects\\DynamoSoftware\\FileConverter\\FileConverter\\FileConverter.Tests\\bin\\Debug\\net6.0\\fine-code-coverage\\build-output\\FileConverter.Tests.dll","CodeFilePath":null,"LineNumber":0,"Properties":[{"Key":{"Id":"NUnit.Seed","Label":"Seed","Category":"","Description":"","Attributes":0,"ValueType":"System.String"},"Value":"1982107828"}]},"Attachments":[],"Outcome":1,"ErrorMessage":null,"ErrorStackTrace":null,"DisplayName":"ProcessFileAsync_InvalidFile_ReturnsValidationResult","Messages":[],"ComputerName":"DESKTOP-2EL42QV","Duration":"00:00:00.0013180","StartTime":"2023-10-01T20:19:23.6000157+00:00","EndTime":"2023-10-01T20:19:23.6013338+00:00","Properties":[{"Key":{"Id":"NUnit.Seed","Label":"Seed","Category":"","Description":"","Attributes":0,"ValueType":"System.String"},"Value":"1982107828"}]},{"TestCase":{"Id":"381b838f-8916-cb12-cec3-837815b2bc0b","FullyQualifiedName":"FileConverter.Tests.FileConverter.Services.ProcessFileAsyncTests.ProcessFileAsync_ValidFile_ReturnsInternalResultWithProcessedFile","DisplayName":"ProcessFileAsync_ValidFile_ReturnsInternalResultWithProcessedFile","ExecutorUri":"executor://NUnit3TestExecutor","Source":"C:\\Users\\Boncho\\OneDrive\\Desktop\\Projects\\DynamoSoftware\\FileConverter\\FileConverter\\FileConverter.Tests\\bin\\Debug\\net6.0\\fine-code-coverage\\build-output\\FileConverter.Tests.dll","CodeFilePath":null,"LineNumber":0,"Properties":[{"Key":{"Id":"NUnit.Seed","Label":"Seed","Category":"","Description":"","Attributes":0,"ValueType":"System.String"},"Value":"1863193805"}]},"Attachments":[],"Outcome":1,"ErrorMessage":null,"ErrorStackTrace":null,"DisplayName":"ProcessFileAsync_ValidFile_ReturnsInternalResultWithProcessedFile","Messages":[],"ComputerName":"DESKTOP-2EL42QV","Duration":"00:00:00.0134840","StartTime":"2023-10-01T20:19:23.6013469+00:00","EndTime":"2023-10-01T20:19:23.6148311+00:00","Properties":[{"Key":{"Id":"NUnit.Seed","Label":"Seed","Category":"","Description":"","Attributes":0,"ValueType":"System.String"},"Value":"1863193805"}]}],"TestRunStatistics":{"ExecutedTests":11,"Stats":{"Passed":11}},"ActiveTests":[]},"RunAttachments":[],"ExecutorUris":["executor://nunit3testexecutor/"]}}
TpTrace Verbose: 0 : 17840, 12, 2023/10/01, 23:19:23.664, 237785082771, vstest.console.dll, TestRequestSender.EndSession: Sending end session.
TpTrace Verbose: 0 : 17840, 12, 2023/10/01, 23:19:23.664, 237785084166, vstest.console.dll, ProxyOperationManager.Close: waiting for test host to exit for 100 ms
TpTrace Warning: 0 : 17840, 11, 2023/10/01, 23:19:23.697, 237785411893, vstest.console.dll, TestHostManagerCallbacks.ErrorReceivedCallback Test host standard error line: 
TpTrace Verbose: 0 : 17840, 11, 2023/10/01, 23:19:23.712, 237785563122, vstest.console.dll, TestHostProvider.ExitCallBack: Host exited starting callback.
TpTrace Information: 0 : 17840, 11, 2023/10/01, 23:19:23.712, 237785566046, vstest.console.dll, TestHostManagerCallbacks.ExitCallBack: Testhost processId: 8220 exited with exitcode: 0 error: ''
TpTrace Verbose: 0 : 17840, 11, 2023/10/01, 23:19:23.712, 237785566908, vstest.console.dll, DotnetTestHostManager.OnHostExited: invoking OnHostExited callback
TpTrace Verbose: 0 : 17840, 11, 2023/10/01, 23:19:23.712, 237785567812, vstest.console.dll, CrossPlatEngine.TestHostManagerHostExited: calling on client process exit callback.
TpTrace Information: 0 : 17840, 11, 2023/10/01, 23:19:23.712, 237785568726, vstest.console.dll, TestRequestSender.OnClientProcessExit: Test host process exited. Standard error: 
TpTrace Information: 0 : 17840, 11, 2023/10/01, 23:19:23.712, 237785569473, vstest.console.dll, SocketServer.Stop: Stop server endPoint: 127.0.0.1:52945
TpTrace Information: 0 : 17840, 11, 2023/10/01, 23:19:23.712, 237785570077, vstest.console.dll, SocketServer.Stop: Cancellation requested. Stopping message loop.
TpTrace Information: 0 : 17840, 12, 2023/10/01, 23:19:23.712, 237785570822, vstest.console.dll, SocketServer.Stop: Stop server endPoint: 127.0.0.1:52945
TpTrace Verbose: 0 : 17840, 11, 2023/10/01, 23:19:23.713, 237785571669, vstest.console.dll, MulticastDelegateUtilities.SafeInvoke: HostProviderEvents.OnHostExited: Invoking callback 1/1 for Microsoft.VisualStudio.TestPlatform.CrossPlatEngine.Client.ProxyOperationManager., took 0 ms.
TpTrace Information: 0 : 17840, 12, 2023/10/01, 23:19:23.713, 237785571968, vstest.console.dll, SocketServer.Stop: Cancellation requested. Stopping message loop.
TpTrace Information: 0 : 17840, 12, 2023/10/01, 23:19:23.713, 237785574172, vstest.console.dll, Closing the connection
TpTrace Verbose: 0 : 17840, 12, 2023/10/01, 23:19:23.713, 237785577956, vstest.console.dll, ProxyDataCollectionManager.InvokeDataCollectionServiceAction: Starting.
TpTrace Information: 0 : 17840, 12, 2023/10/01, 23:19:23.713, 237785578952, vstest.console.dll, ProxyDataCollectionManager.AfterTestRunEnd: Get attachment set and invoked data collectors processId: 21000 port: 52940
TpTrace Verbose: 0 : 17840, 12, 2023/10/01, 23:19:23.713, 237785579826, vstest.console.dll, DataCollectionRequestSender.SendAfterTestRunStartAndGetResult: Send AfterTestRunEnd message with isCancelled: False
TpTrace Verbose: 0 : 17840, 12, 2023/10/01, 23:19:23.735, 237785792768, vstest.console.dll, DataCollectionRequestSender.SendAfterTestRunStartAndGetResult: Received message: (DataCollection.AfterTestRunEndResult) -> {"MessageType":"DataCollection.AfterTestRunEndResult","Payload":{"AttachmentSets":[],"InvokedDataCollectors":[{"Uri":"datacollector://Microsoft/TestPlatform/Extensions/Blame/v1","FriendlyName":"Blame","AssemblyQualifiedName":"Microsoft.TestPlatform.Extensions.BlameDataCollector.BlameCollector, Microsoft.TestPlatform.Extensions.BlameDataCollector, Version=15.0.0.0, Culture=neutral, PublicKeyToken=b03f5f7f11d50a3a","FilePath":"C:\\Program Files\\dotnet\\sdk\\7.0.306\\Extensions\\Microsoft.TestPlatform.Extensions.BlameDataCollector.dll","HasAttachmentProcessor":false}],"Metrics":{}}}
TpTrace Warning: 0 : 17840, 10, 2023/10/01, 23:19:23.743, 237785875218, vstest.console.dll, DataCollectionLauncher.ErrorReceivedCallback datacollector standard error line: 
TpTrace Information: 0 : 17840, 12, 2023/10/01, 23:19:23.748, 237785922075, vstest.console.dll, ProxyDataCollectionManager.InvokeDataCollectionServiceAction: Completed.
TpTrace Information: 0 : 17840, 10, 2023/10/01, 23:19:23.763, 237786071908, vstest.console.dll, DataCollectionLauncher.ExitCallBack: Data collector exited with exitcode: 0 error: ''
TpTrace Verbose: 0 : 17840, 12, 2023/10/01, 23:19:23.837, 237786813309, vstest.console.dll, TestRunRequest:SendTestRunStatsChange: Starting.
TpTrace Verbose: 0 : 17840, 12, 2023/10/01, 23:19:23.837, 237786815372, vstest.console.dll, MulticastDelegateUtilities.SafeInvoke: TestRun.RunStatsChanged: Invoking callbacks was skipped because there are no subscribers.
TpTrace Information: 0 : 17840, 12, 2023/10/01, 23:19:23.837, 237786815961, vstest.console.dll, TestRunRequest:SendTestRunStatsChange: Completed.
TpTrace Verbose: 0 : 17840, 4, 2023/10/01, 23:19:23.837, 237786816549, vstest.console.dll, MulticastDelegateUtilities.SafeInvoke: InternalTestLoggerEvents.SendTestResult: Invoking callback 1/1 for Microsoft.VisualStudio.TestPlatform.CommandLine.Internal.ConsoleLogger., took 0 ms.
TpTrace Verbose: 0 : 17840, 4, 2023/10/01, 23:19:23.837, 237786817772, vstest.console.dll, MulticastDelegateUtilities.SafeInvoke: InternalTestLoggerEvents.SendTestResult: Invoking callback 1/1 for Microsoft.VisualStudio.TestPlatform.CommandLine.Internal.ConsoleLogger., took 0 ms.
TpTrace Verbose: 0 : 17840, 12, 2023/10/01, 23:19:23.838, 237786821543, vstest.console.dll, ParallelProxyExecutionManager: HandlePartialRunComplete: Total completed clients = 1, Run complete = True, Run canceled: False.
TpTrace Verbose: 0 : 17840, 4, 2023/10/01, 23:19:23.851, 237786958462, vstest.console.dll, MulticastDelegateUtilities.SafeInvoke: InternalTestLoggerEvents.SendTestRunComplete: Invoking callback 1/2 for Microsoft.TestPlatform.Extensions.BlameDataCollector.BlameLogger., took 0 ms.
TpTrace Verbose: 0 : 17840, 4, 2023/10/01, 23:19:23.857, 237787011681, vstest.console.dll, MulticastDelegateUtilities.SafeInvoke: InternalTestLoggerEvents.SendTestRunComplete: Invoking callback 2/2 for Microsoft.VisualStudio.TestPlatform.CommandLine.Internal.ConsoleLogger., took 5 ms.
TpTrace Verbose: 0 : 17840, 12, 2023/10/01, 23:19:23.857, 237787016037, vstest.console.dll, TestRunRequest:TestRunComplete: Starting. IsAborted:False IsCanceled:False.
TpTrace Verbose: 0 : 17840, 12, 2023/10/01, 23:19:23.859, 237787033688, vstest.console.dll, TestLoggerManager.HandleTestRunComplete: Ignoring as the object is disposed.
TpTrace Verbose: 0 : 17840, 12, 2023/10/01, 23:19:23.859, 237787036055, vstest.console.dll, MulticastDelegateUtilities.SafeInvoke: TestRun.TestRunComplete: Invoking callback 1/2 for Microsoft.VisualStudio.TestPlatform.CommandLine.TestRunResultAggregator., took 0 ms.
TpTrace Verbose: 0 : 17840, 12, 2023/10/01, 23:19:23.859, 237787037398, vstest.console.dll, MulticastDelegateUtilities.SafeInvoke: TestRun.TestRunComplete: Invoking callback 2/2 for Microsoft.VisualStudio.TestPlatform.CommandLine.Processors.RunTestsArgumentExecutor+TestRunRequestEventsRegistrar., took 0 ms.
TpTrace Information: 0 : 17840, 12, 2023/10/01, 23:19:23.859, 237787038265, vstest.console.dll, TestRunRequest:TestRunComplete: Completed.
TpTrace Verbose: 0 : 17840, 12, 2023/10/01, 23:19:23.859, 237787038620, vstest.console.dll, TestRequestSender.SetOperationComplete: Setting operation complete.
TpTrace Information: 0 : 17840, 12, 2023/10/01, 23:19:23.859, 237787038890, vstest.console.dll, SocketServer.Stop: Stop server endPoint: 127.0.0.1:52945
TpTrace Information: 0 : 17840, 12, 2023/10/01, 23:19:23.859, 237787039115, vstest.console.dll, SocketServer.Stop: Cancellation requested. Stopping message loop.
TpTrace Verbose: 0 : 17840, 12, 2023/10/01, 23:19:23.859, 237787039374, vstest.console.dll, MulticastDelegateUtilities.SafeInvoke: LengthPrefixCommunicationChannel: MessageReceived: Invoking callback 1/1 for Microsoft.VisualStudio.TestPlatform.CommunicationUtilities.TestRequestSender+<>c__DisplayClass34_0., took 195 ms.
TpTrace Verbose: 0 : 17840, 1, 2023/10/01, 23:19:23.859, 237787038935, vstest.console.dll, TestRunRequest.Dispose: Starting.
TpTrace Information: 0 : 17840, 12, 2023/10/01, 23:19:23.859, 237787040539, vstest.console.dll, SocketServer.PrivateStop: Stopping server endPoint: 127.0.0.1:52945 error: 
TpTrace Information: 0 : 17840, 1, 2023/10/01, 23:19:23.860, 237787041470, vstest.console.dll, TestRunRequest.Dispose: Completed.
TpTrace Information: 0 : 17840, 1, 2023/10/01, 23:19:23.860, 237787042153, vstest.console.dll, TestRequestManager.RunTests: run tests completed.
TpTrace Information: 0 : 17840, 1, 2023/10/01, 23:19:23.860, 237787043237, vstest.console.dll, RunTestsArgumentProcessor:Execute: Test run is completed.
TpTrace Verbose: 0 : 17840, 12, 2023/10/01, 23:19:23.860, 237787044605, vstest.console.dll, LengthPrefixCommunicationChannel.Dispose: Dispose reader and writer.
TpTrace Verbose: 0 : 17840, 1, 2023/10/01, 23:19:23.860, 237787045003, vstest.console.dll, Executor.Execute: Exiting with exit code of 0
TpTrace Information: 0 : 17840, 12, 2023/10/01, 23:19:23.860, 237787045322, vstest.console.dll, SocketServer.Stop: Raise disconnected event endPoint: 127.0.0.1:52945 error: 
TpTrace Verbose: 0 : 17840, 12, 2023/10/01, 23:19:23.860, 237787046210, vstest.console.dll, TestRequestSender: OnTestRunAbort: Operation is already complete. Skip error message.
TpTrace Verbose: 0 : 17840, 12, 2023/10/01, 23:19:23.860, 237787046616, vstest.console.dll, MulticastDelegateUtilities.SafeInvoke: SocketServer: ClientDisconnected: Invoking callback 1/1 for Microsoft.VisualStudio.TestPlatform.CommunicationUtilities.TestRequestSender., took 0 ms.
TpTrace Verbose: 0 : 17840, 12, 2023/10/01, 23:19:23.860, 237787046898, vstest.console.dll, TcpClientExtensions.MessageLoopAsync: exiting MessageLoopAsync remoteEndPoint: 127.0.0.1:52946 localEndPoint: 127.0.0.1:52945
